12:01:31 | === auto_pool supervisor start (refresh_every=3 ckpts, min_fresh=64) ===
12:01:31 | MINER (re)launch on curated pool
=== MODE=opencode | env=opencodeinstruct | pool=/root/sn81-miner/data/inzone_pool_opencode.json | max_new=1280 | k=4 | curate=0 ===
pool ok: 169 idxs
pool/env changed or pool rebuilt -> clearing hot pool /root/sn81-miner/data/hot_pool.json
launched PID=10674 | MODE=opencode env=opencodeinstruct pool=/root/sn81-miner/data/inzone_pool_opencode.json | log=/root/sn81-miner/logs/miner.log
12:03:34 | REFRESH trigger: ckpt_drift=7 fresh=166 (built@880 now@887) -> pause+rebuild
12:03:40 | BUILD start on 8f2bab2266e6eaaaa51e656771f5ae73c84007ef (candidates=2000 m=10)
12:03:48 | BUILD FAILED (rc=1) — keeping previous pool
12:03:48 | MINER (re)launch on curated pool
=== MODE=opencode | env=opencodeinstruct | pool=/root/sn81-miner/data/inzone_pool_opencode.json | max_new=1280 | k=4 | curate=0 ===
pool ok: 169 idxs
launched PID=12137 | MODE=opencode env=opencodeinstruct pool=/root/sn81-miner/data/inzone_pool_opencode.json | log=/root/sn81-miner/logs/miner.log
12:05:52 | ok: ckpt=887 built@880 drift=7 fresh=166 (no refresh)
12:07:53 | ok: ckpt=887 built@880 drift=7 fresh=166 (no refresh)
12:09:54 | ok: ckpt=887 built@880 drift=7 fresh=166 (no refresh)
12:11:55 | ok: ckpt=887 built@880 drift=7 fresh=166 (no refresh)
12:13:56 | ok: ckpt=887 built@880 drift=7 fresh=166 (no refresh)
12:19:11 | === auto_pool supervisor start (refresh_every=3 ckpts, min_fresh=64) ===
12:19:11 | MINER (re)launch on curated pool
=== MODE=opencode | env=opencodeinstruct | pool=/root/sn81-miner/data/inzone_pool_opencode.json | max_new=1280 | k=4 | curate=0 ===
pool ok: 169 idxs
pool/env changed or pool rebuilt -> clearing hot pool /root/sn81-miner/data/hot_pool.json
launched PID=14393 | MODE=opencode env=opencodeinstruct pool=/root/sn81-miner/data/inzone_pool_opencode.json | log=/root/sn81-miner/logs/miner.log
12:21:16 | REFRESH trigger: ckpt_drift=8 fresh=166 (built@880 now@888) -> pause+rebuild
12:21:22 | BUILD start on 98a7cc9d1b2cd2c3df13a20c637e667ae82f199f (candidates=2000 m=10)
01:43:22 | === auto_pool supervisor start (refresh_every=3 ckpts, min_fresh=64) ===
01:43:22 | no pool yet -> initial build
01:43:28 | BUILD start on fdddadcce9b4fd7823df7be0a76e0a5d894644a0 (candidates=2000 m=10)
02:18:30 | BUILD done: pool=1180 idxs
02:18:30 | MINER (re)launch on curated pool (strategy-a + consensus-strict)
=== MODE=opencode | env=opencodeinstruct | pool=/root/sn81-miner/data/inzone_pool_opencode.json | max_new=1280 | k=4 | curate=1 ===
pool ok: 1180 idxs
pool/env changed or pool rebuilt -> clearing hot pool /root/sn81-miner/data/hot_pool.json
launched PID=366332 | MODE=opencode env=opencodeinstruct pool=/root/sn81-miner/data/inzone_pool_opencode.json | log=/root/sn81-miner/logs/miner.log
02:20:34 | ok: ckpt=896 built@896 drift=0 fresh=1167 (no refresh)
02:22:35 | ok: ckpt=896 built@896 drift=0 fresh=1167 (no refresh)
02:24:36 | ok: ckpt=896 built@896 drift=0 fresh=1167 (no refresh)
02:26:37 | ok: ckpt=896 built@896 drift=0 fresh=1167 (no refresh)
02:27:49 | === auto_pool supervisor start (refresh_every=3 ckpts, min_fresh=64) ===
02:27:49 | MINER (re)launch on curated pool (strategy-a + consensus-strict, k=6)
=== MODE=opencode | env=opencodeinstruct | pool=/root/sn81-miner/data/inzone_pool_opencode.json | max_new=1280 | k=6 | curate=1 ===
pool ok: 1180 idxs
launched PID=370629 | MODE=opencode env=opencodeinstruct pool=/root/sn81-miner/data/inzone_pool_opencode.json | log=/root/sn81-miner/logs/miner.log
02:29:53 | ok: ckpt=896 built@896 drift=0 fresh=1167 (no refresh)
02:31:55 | ok: ckpt=896 built@896 drift=0 fresh=1167 (no refresh)
02:33:56 | ok: ckpt=896 built@896 drift=0 fresh=1167 (no refresh)
02:35:57 | ok: ckpt=896 built@896 drift=0 fresh=1167 (no refresh)
02:38:01 | ok: ckpt=896 built@896 drift=0 fresh=1167 (no refresh)
02:40:02 | ok: ckpt=897 built@896 drift=1 fresh=1167 (no refresh)
02:42:04 | ok: ckpt=897 built@896 drift=1 fresh=1167 (no refresh)
02:44:05 | ok: ckpt=897 built@896 drift=1 fresh=1167 (no refresh)
02:46:06 | ok: ckpt=897 built@896 drift=1 fresh=1167 (no refresh)
02:48:07 | ok: ckpt=897 built@896 drift=1 fresh=1167 (no refresh)
02:50:08 | ok: ckpt=897 built@896 drift=1 fresh=1167 (no refresh)
02:52:10 | ok: ckpt=897 built@896 drift=1 fresh=1167 (no refresh)
02:54:11 | ok: ckpt=897 built@896 drift=1 fresh=1167 (no refresh)
02:56:12 | ok: ckpt=897 built@896 drift=1 fresh=1167 (no refresh)
02:58:13 | ok: ckpt=897 built@896 drift=1 fresh=1167 (no refresh)
03:00:15 | ok: ckpt=897 built@896 drift=1 fresh=1167 (no refresh)
03:02:16 | ok: ckpt=897 built@896 drift=1 fresh=1167 (no refresh)
03:04:17 | ok: ckpt=897 built@896 drift=1 fresh=1167 (no refresh)
03:06:18 | ok: ckpt=897 built@896 drift=1 fresh=1167 (no refresh)
03:08:20 | ok: ckpt=897 built@896 drift=1 fresh=1167 (no refresh)
03:10:21 | ok: ckpt=897 built@896 drift=1 fresh=1167 (no refresh)
03:12:22 | ok: ckpt=897 built@896 drift=1 fresh=1167 (no refresh)
03:14:23 | ok: ckpt=897 built@896 drift=1 fresh=1167 (no refresh)
03:16:24 | ok: ckpt=897 built@896 drift=1 fresh=1167 (no refresh)
03:18:27 | ok: ckpt=897 built@896 drift=1 fresh=1167 (no refresh)
03:20:28 | ok: ckpt=897 built@896 drift=1 fresh=1167 (no refresh)
03:22:29 | ok: ckpt=897 built@896 drift=1 fresh=1167 (no refresh)
03:24:30 | ok: ckpt=897 built@896 drift=1 fresh=1167 (no refresh)
03:26:31 | ok: ckpt=897 built@896 drift=1 fresh=1167 (no refresh)
03:28:33 | ok: ckpt=897 built@896 drift=1 fresh=1167 (no refresh)
03:30:34 | ok: ckpt=897 built@896 drift=1 fresh=1167 (no refresh)
03:32:36 | ok: ckpt=897 built@896 drift=1 fresh=1167 (no refresh)
03:34:38 | ok: ckpt=897 built@896 drift=1 fresh=1167 (no refresh)
03:36:39 | ok: ckpt=897 built@896 drift=1 fresh=1167 (no refresh)
03:38:40 | ok: ckpt=-1 built@896 drift=0 fresh=1167 (no refresh)
03:40:47 | ok: ckpt=897 built@896 drift=1 fresh=1167 (no refresh)
03:42:49 | ok: ckpt=897 built@896 drift=1 fresh=1167 (no refresh)
03:44:50 | ok: ckpt=897 built@896 drift=1 fresh=1167 (no refresh)
03:46:51 | ok: ckpt=897 built@896 drift=1 fresh=1167 (no refresh)
03:48:52 | ok: ckpt=897 built@896 drift=1 fresh=1167 (no refresh)
03:50:54 | ok: ckpt=897 built@896 drift=1 fresh=1167 (no refresh)
03:52:56 | ok: ckpt=897 built@896 drift=1 fresh=1167 (no refresh)
03:54:57 | ok: ckpt=897 built@896 drift=1 fresh=1167 (no refresh)
03:56:58 | ok: ckpt=897 built@896 drift=1 fresh=1167 (no refresh)
03:58:59 | ok: ckpt=897 built@896 drift=1 fresh=1167 (no refresh)
04:01:01 | ok: ckpt=897 built@896 drift=1 fresh=1166 (no refresh)
04:03:02 | ok: ckpt=897 built@896 drift=1 fresh=1166 (no refresh)
04:05:03 | ok: ckpt=897 built@896 drift=1 fresh=1166 (no refresh)
04:07:04 | ok: ckpt=897 built@896 drift=1 fresh=1166 (no refresh)
04:09:06 | ok: ckpt=897 built@896 drift=1 fresh=1166 (no refresh)
04:11:07 | ok: ckpt=897 built@896 drift=1 fresh=1166 (no refresh)
04:13:08 | ok: ckpt=898 built@896 drift=2 fresh=1166 (no refresh)
04:15:09 | ok: ckpt=898 built@896 drift=2 fresh=1166 (no refresh)
04:17:10 | ok: ckpt=898 built@896 drift=2 fresh=1166 (no refresh)
04:18:53 | === auto_pool supervisor start (refresh_every=3 ckpts, min_fresh=32) ===
04:18:53 | === auto_pool supervisor start (refresh_every=3 ckpts, min_fresh=32) ===
04:18:53 | no pool yet -> initial build
04:18:53 | no pool yet -> initial build
04:18:59 | BUILD start on 5698cd0f8cc5654c4eabf470feb42e84cd6bf368 (candidates=3000 m=12)
04:18:59 | BUILD start on 5698cd0f8cc5654c4eabf470feb42e84cd6bf368 (candidates=3000 m=12)
04:57:39 | === auto_pool supervisor start (chunked: +600/chunk, target=150, min_fresh=32) ===
04:57:39 | === auto_pool supervisor start (chunked: +600/chunk, target=150, min_fresh=32) ===
04:57:39 | no pool yet -> first chunk
04:57:39 | no pool yet -> first chunk
04:57:46 | CHUNK build on 5698cd0f8cc5654c4eabf470feb42e84cd6bf368 (+600 cand, m=12, BROAD+append; pool=0 screened=0)
04:57:46 | CHUNK build on 5698cd0f8cc5654c4eabf470feb42e84cd6bf368 (+600 cand, m=12, BROAD+append; pool=0 screened=0)
05:13:18 | CHUNK done: pool=496 idxs (screened=600/50000 this ckpt)
05:13:18 | CHUNK done: pool=496 idxs (screened=600/50000 this ckpt)
05:13:18 | MINER (re)launch on broad sigma-curated pool (consensus-strict, oversample=64)
05:13:18 | MINER (re)launch on broad sigma-curated pool (consensus-strict, oversample=64)
=== MODE=opencode | env=opencodeinstruct | pool=/root/sn81-miner/data/inzone_pool_opencode.json | max_new=1280 | k=6 | curate=1 ===
pool ok: 496 idxs
pool/env changed or pool rebuilt -> clearing hot pool /root/sn81-miner/data/hot_pool.json
launched PID=427808 | MODE=opencode env=opencodeinstruct pool=/root/sn81-miner/data/inzone_pool_opencode.json | log=/root/sn81-miner/logs/miner.log
05:15:22 | ok: ckpt=899 built@898 pool=496 fresh=492 (no chunk)
05:15:22 | ok: ckpt=899 built@898 pool=496 fresh=492 (no chunk)
05:17:23 | ok: ckpt=899 built@898 pool=496 fresh=492 (no chunk)
05:17:23 | ok: ckpt=899 built@898 pool=496 fresh=492 (no chunk)
05:19:24 | ok: ckpt=899 built@898 pool=496 fresh=492 (no chunk)
05:19:24 | ok: ckpt=899 built@898 pool=496 fresh=492 (no chunk)
05:21:26 | ok: ckpt=899 built@898 pool=496 fresh=492 (no chunk)
05:21:26 | ok: ckpt=899 built@898 pool=496 fresh=492 (no chunk)
05:23:27 | CHUNK trigger: ckpt_advance(drift=1) (built@898 now@899) -> pause+chunk
05:23:27 | CHUNK trigger: ckpt_advance(drift=1) (built@898 now@899) -> pause+chunk
05:23:34 | checkpoint advanced (898 -> 899) -> reset pool + screened (rescreen fresh)
05:23:34 | checkpoint advanced (898 -> 899) -> reset pool + screened (rescreen fresh)
05:23:34 | CHUNK build on 2fe06961f1bbcf1463917c27d3f03019e077786c (+600 cand, m=12, BROAD+append; pool=0 screened=0)
05:23:34 | CHUNK build on 2fe06961f1bbcf1463917c27d3f03019e077786c (+600 cand, m=12, BROAD+append; pool=0 screened=0)
05:32:50 | CHUNK done: pool=124 idxs (screened=600/50000 this ckpt)
05:32:50 | CHUNK done: pool=124 idxs (screened=600/50000 this ckpt)
05:32:50 | MINER (re)launch on broad sigma-curated pool (consensus-strict, oversample=64)
05:32:50 | MINER (re)launch on broad sigma-curated pool (consensus-strict, oversample=64)
=== MODE=opencode | env=opencodeinstruct | pool=/root/sn81-miner/data/inzone_pool_opencode.json | max_new=1280 | k=6 | curate=1 ===
pool ok: 124 idxs
pool/env changed or pool rebuilt -> clearing hot pool /root/sn81-miner/data/hot_pool.json
launched PID=439139 | MODE=opencode env=opencodeinstruct pool=/root/sn81-miner/data/inzone_pool_opencode.json | log=/root/sn81-miner/logs/miner.log
05:34:53 | ok: ckpt=899 built@899 pool=124 fresh=123 (no chunk)
05:34:53 | ok: ckpt=899 built@899 pool=124 fresh=123 (no chunk)
05:36:54 | ok: ckpt=899 built@899 pool=124 fresh=123 (no chunk)
05:36:54 | ok: ckpt=899 built@899 pool=124 fresh=123 (no chunk)
05:39:00 | ok: ckpt=899 built@899 pool=124 fresh=123 (no chunk)
05:39:00 | ok: ckpt=899 built@899 pool=124 fresh=123 (no chunk)
05:41:01 | ok: ckpt=899 built@899 pool=124 fresh=123 (no chunk)
05:41:01 | ok: ckpt=899 built@899 pool=124 fresh=123 (no chunk)
05:43:03 | CHUNK trigger: bootstrap(pool=124<150) (built@899 now@899) -> pause+chunk
05:43:03 | CHUNK trigger: bootstrap(pool=124<150) (built@899 now@899) -> pause+chunk
05:43:09 | CHUNK build on 2fe06961f1bbcf1463917c27d3f03019e077786c (+600 cand, m=12, BROAD+append; pool=124 screened=600)
05:43:09 | CHUNK build on 2fe06961f1bbcf1463917c27d3f03019e077786c (+600 cand, m=12, BROAD+append; pool=124 screened=600)
05:53:01 | CHUNK done: pool=241 idxs (screened=1200/50000 this ckpt)
05:53:01 | CHUNK done: pool=241 idxs (screened=1200/50000 this ckpt)
05:53:01 | MINER (re)launch on broad sigma-curated pool (consensus-strict, oversample=64)
05:53:01 | MINER (re)launch on broad sigma-curated pool (consensus-strict, oversample=64)
=== MODE=opencode | env=opencodeinstruct | pool=/root/sn81-miner/data/inzone_pool_opencode.json | max_new=1280 | k=6 | curate=1 ===
pool ok: 241 idxs
pool/env changed or pool rebuilt -> clearing hot pool /root/sn81-miner/data/hot_pool.json
launched PID=449276 | MODE=opencode env=opencodeinstruct pool=/root/sn81-miner/data/inzone_pool_opencode.json | log=/root/sn81-miner/logs/miner.log
05:55:04 | ok: ckpt=899 built@899 pool=241 fresh=240 (no chunk)
05:55:04 | ok: ckpt=899 built@899 pool=241 fresh=240 (no chunk)
05:57:05 | ok: ckpt=899 built@899 pool=241 fresh=240 (no chunk)
05:57:05 | ok: ckpt=899 built@899 pool=241 fresh=240 (no chunk)
05:59:06 | ok: ckpt=899 built@899 pool=241 fresh=240 (no chunk)
05:59:06 | ok: ckpt=899 built@899 pool=241 fresh=240 (no chunk)
06:01:08 | ok: ckpt=899 built@899 pool=241 fresh=240 (no chunk)
06:01:08 | ok: ckpt=899 built@899 pool=241 fresh=240 (no chunk)
06:03:09 | ok: ckpt=899 built@899 pool=241 fresh=240 (no chunk)
06:03:09 | ok: ckpt=899 built@899 pool=241 fresh=240 (no chunk)
06:05:10 | ok: ckpt=899 built@899 pool=241 fresh=240 (no chunk)
06:05:10 | ok: ckpt=899 built@899 pool=241 fresh=240 (no chunk)
06:07:11 | ok: ckpt=899 built@899 pool=241 fresh=240 (no chunk)
06:07:11 | ok: ckpt=899 built@899 pool=241 fresh=240 (no chunk)
06:09:13 | ok: ckpt=899 built@899 pool=241 fresh=240 (no chunk)
06:09:13 | ok: ckpt=899 built@899 pool=241 fresh=240 (no chunk)
06:11:14 | ok: ckpt=899 built@899 pool=241 fresh=240 (no chunk)
06:11:14 | ok: ckpt=899 built@899 pool=241 fresh=240 (no chunk)
06:13:15 | ok: ckpt=899 built@899 pool=241 fresh=240 (no chunk)
06:13:15 | ok: ckpt=899 built@899 pool=241 fresh=240 (no chunk)
06:15:17 | CHUNK trigger: ckpt_advance(drift=1) (built@899 now@900) -> pause+chunk
06:15:17 | CHUNK trigger: ckpt_advance(drift=1) (built@899 now@900) -> pause+chunk
06:15:23 | checkpoint advanced (899 -> 900) -> reset pool + screened (rescreen fresh)
06:15:23 | checkpoint advanced (899 -> 900) -> reset pool + screened (rescreen fresh)
06:15:23 | CHUNK build on 2fe06961f1bbcf1463917c27d3f03019e077786c (+600 cand, m=12, BROAD+append; pool=0 screened=0)
06:15:23 | CHUNK build on 2fe06961f1bbcf1463917c27d3f03019e077786c (+600 cand, m=12, BROAD+append; pool=0 screened=0)
06:24:49 | CHUNK done: pool=116 idxs (screened=600/50000 this ckpt)
06:24:49 | CHUNK done: pool=116 idxs (screened=600/50000 this ckpt)
06:24:49 | MINER (re)launch on broad sigma-curated pool (consensus-strict, oversample=64)
06:24:49 | MINER (re)launch on broad sigma-curated pool (consensus-strict, oversample=64)
=== MODE=opencode | env=opencodeinstruct | pool=/root/sn81-miner/data/inzone_pool_opencode.json | max_new=1280 | k=6 | curate=1 ===
pool ok: 116 idxs
pool/env changed or pool rebuilt -> clearing hot pool /root/sn81-miner/data/hot_pool.json
launched PID=461955 | MODE=opencode env=opencodeinstruct pool=/root/sn81-miner/data/inzone_pool_opencode.json | log=/root/sn81-miner/logs/miner.log
06:26:52 | ok: ckpt=900 built@900 pool=116 fresh=116 (no chunk)
06:26:52 | ok: ckpt=900 built@900 pool=116 fresh=116 (no chunk)
06:28:53 | ok: ckpt=900 built@900 pool=116 fresh=116 (no chunk)
06:28:53 | ok: ckpt=900 built@900 pool=116 fresh=116 (no chunk)
06:30:54 | ok: ckpt=900 built@900 pool=116 fresh=116 (no chunk)
06:30:54 | ok: ckpt=900 built@900 pool=116 fresh=116 (no chunk)
06:32:56 | ok: ckpt=900 built@900 pool=116 fresh=116 (no chunk)
06:32:56 | ok: ckpt=900 built@900 pool=116 fresh=116 (no chunk)
06:34:57 | CHUNK trigger: bootstrap(pool=116<150) (built@900 now@900) -> pause+chunk
06:34:57 | CHUNK trigger: bootstrap(pool=116<150) (built@900 now@900) -> pause+chunk
06:35:04 | CHUNK build on 21132ea3db124717d60cadc6ec4d4e1157dcc449 (+600 cand, m=12, BROAD+append; pool=116 screened=600)
06:35:04 | CHUNK build on 21132ea3db124717d60cadc6ec4d4e1157dcc449 (+600 cand, m=12, BROAD+append; pool=116 screened=600)
06:45:08 | CHUNK done: pool=246 idxs (screened=1200/50000 this ckpt)
06:45:08 | CHUNK done: pool=246 idxs (screened=1200/50000 this ckpt)
06:45:08 | MINER (re)launch on broad sigma-curated pool (consensus-strict, oversample=64)
06:45:08 | MINER (re)launch on broad sigma-curated pool (consensus-strict, oversample=64)
=== MODE=opencode | env=opencodeinstruct | pool=/root/sn81-miner/data/inzone_pool_opencode.json | max_new=1280 | k=6 | curate=1 ===
pool ok: 246 idxs
pool/env changed or pool rebuilt -> clearing hot pool /root/sn81-miner/data/hot_pool.json
launched PID=472182 | MODE=opencode env=opencodeinstruct pool=/root/sn81-miner/data/inzone_pool_opencode.json | log=/root/sn81-miner/logs/miner.log
06:47:11 | ok: ckpt=900 built@900 pool=246 fresh=246 (no chunk)
06:47:11 | ok: ckpt=900 built@900 pool=246 fresh=246 (no chunk)
06:49:12 | ok: ckpt=900 built@900 pool=246 fresh=246 (no chunk)
06:49:12 | ok: ckpt=900 built@900 pool=246 fresh=246 (no chunk)
06:51:13 | ok: ckpt=900 built@900 pool=246 fresh=246 (no chunk)
06:51:13 | ok: ckpt=900 built@900 pool=246 fresh=246 (no chunk)
06:53:15 | ok: ckpt=900 built@900 pool=246 fresh=246 (no chunk)
06:53:15 | ok: ckpt=900 built@900 pool=246 fresh=246 (no chunk)
06:55:16 | ok: ckpt=900 built@900 pool=246 fresh=246 (no chunk)
06:55:16 | ok: ckpt=900 built@900 pool=246 fresh=246 (no chunk)
06:57:17 | ok: ckpt=900 built@900 pool=246 fresh=246 (no chunk)
06:57:17 | ok: ckpt=900 built@900 pool=246 fresh=246 (no chunk)
06:59:18 | ok: ckpt=900 built@900 pool=246 fresh=246 (no chunk)
06:59:18 | ok: ckpt=900 built@900 pool=246 fresh=246 (no chunk)
07:01:19 | ok: ckpt=900 built@900 pool=246 fresh=246 (no chunk)
07:01:19 | ok: ckpt=900 built@900 pool=246 fresh=246 (no chunk)
07:03:21 | ok: ckpt=900 built@900 pool=246 fresh=246 (no chunk)
07:03:21 | ok: ckpt=900 built@900 pool=246 fresh=246 (no chunk)
07:05:22 | ok: ckpt=900 built@900 pool=246 fresh=246 (no chunk)
07:05:22 | ok: ckpt=900 built@900 pool=246 fresh=246 (no chunk)
07:07:23 | ok: ckpt=900 built@900 pool=246 fresh=246 (no chunk)
07:07:23 | ok: ckpt=900 built@900 pool=246 fresh=246 (no chunk)
07:09:24 | ok: ckpt=900 built@900 pool=246 fresh=246 (no chunk)
07:09:24 | ok: ckpt=900 built@900 pool=246 fresh=246 (no chunk)
07:11:26 | ok: ckpt=900 built@900 pool=246 fresh=246 (no chunk)
07:11:26 | ok: ckpt=900 built@900 pool=246 fresh=246 (no chunk)
07:13:27 | ok: ckpt=900 built@900 pool=246 fresh=246 (no chunk)
07:13:27 | ok: ckpt=900 built@900 pool=246 fresh=246 (no chunk)
07:15:34 | ok: ckpt=-1 built@900 pool=246 fresh=246 (no chunk)
07:15:34 | ok: ckpt=-1 built@900 pool=246 fresh=246 (no chunk)
07:17:36 | ok: ckpt=900 built@900 pool=246 fresh=246 (no chunk)
07:17:36 | ok: ckpt=900 built@900 pool=246 fresh=246 (no chunk)
07:19:37 | ok: ckpt=900 built@900 pool=246 fresh=246 (no chunk)
07:19:37 | ok: ckpt=900 built@900 pool=246 fresh=246 (no chunk)
07:21:38 | ok: ckpt=900 built@900 pool=246 fresh=246 (no chunk)
07:21:38 | ok: ckpt=900 built@900 pool=246 fresh=246 (no chunk)
07:23:39 | ok: ckpt=900 built@900 pool=246 fresh=246 (no chunk)
07:23:39 | ok: ckpt=900 built@900 pool=246 fresh=246 (no chunk)
07:25:41 | ok: ckpt=900 built@900 pool=246 fresh=246 (no chunk)
07:25:41 | ok: ckpt=900 built@900 pool=246 fresh=246 (no chunk)
07:27:42 | ok: ckpt=900 built@900 pool=246 fresh=246 (no chunk)
07:27:42 | ok: ckpt=900 built@900 pool=246 fresh=246 (no chunk)
07:29:43 | ok: ckpt=900 built@900 pool=246 fresh=246 (no chunk)
07:29:43 | ok: ckpt=900 built@900 pool=246 fresh=246 (no chunk)
07:31:44 | ok: ckpt=900 built@900 pool=246 fresh=246 (no chunk)
07:31:44 | ok: ckpt=900 built@900 pool=246 fresh=246 (no chunk)
07:33:45 | ok: ckpt=900 built@900 pool=246 fresh=246 (no chunk)
07:33:45 | ok: ckpt=900 built@900 pool=246 fresh=246 (no chunk)
07:35:46 | ok: ckpt=900 built@900 pool=246 fresh=246 (no chunk)
07:35:46 | ok: ckpt=900 built@900 pool=246 fresh=246 (no chunk)
07:37:47 | ok: ckpt=900 built@900 pool=246 fresh=246 (no chunk)
07:37:47 | ok: ckpt=900 built@900 pool=246 fresh=246 (no chunk)
07:39:48 | ok: ckpt=900 built@900 pool=246 fresh=246 (no chunk)
07:39:48 | ok: ckpt=900 built@900 pool=246 fresh=246 (no chunk)
07:41:49 | ok: ckpt=-1 built@900 pool=246 fresh=246 (no chunk)
07:41:49 | ok: ckpt=-1 built@900 pool=246 fresh=246 (no chunk)
07:43:50 | ok: ckpt=900 built@900 pool=246 fresh=246 (no chunk)
07:43:50 | ok: ckpt=900 built@900 pool=246 fresh=246 (no chunk)
07:45:52 | ok: ckpt=900 built@900 pool=246 fresh=246 (no chunk)
07:45:52 | ok: ckpt=900 built@900 pool=246 fresh=246 (no chunk)
07:47:53 | ok: ckpt=900 built@900 pool=246 fresh=246 (no chunk)
07:47:53 | ok: ckpt=900 built@900 pool=246 fresh=246 (no chunk)
07:49:54 | ok: ckpt=900 built@900 pool=246 fresh=246 (no chunk)
07:49:54 | ok: ckpt=900 built@900 pool=246 fresh=246 (no chunk)
07:51:55 | ok: ckpt=900 built@900 pool=246 fresh=246 (no chunk)
07:51:55 | ok: ckpt=900 built@900 pool=246 fresh=246 (no chunk)
07:53:56 | ok: ckpt=900 built@900 pool=246 fresh=246 (no chunk)
07:53:56 | ok: ckpt=900 built@900 pool=246 fresh=246 (no chunk)
07:55:57 | ok: ckpt=900 built@900 pool=246 fresh=246 (no chunk)
07:55:57 | ok: ckpt=900 built@900 pool=246 fresh=246 (no chunk)
07:57:58 | ok: ckpt=900 built@900 pool=246 fresh=246 (no chunk)
07:57:58 | ok: ckpt=900 built@900 pool=246 fresh=246 (no chunk)
08:02:05 | === auto_pool supervisor start (chunked: +600/chunk, target=150, min_fresh=32) ===
08:02:05 | === auto_pool supervisor start (chunked: +600/chunk, target=150, min_fresh=32) ===
08:02:05 | no pool yet -> first chunk
08:02:05 | no pool yet -> first chunk
08:02:12 | CHUNK build on 21132ea3db124717d60cadc6ec4d4e1157dcc449 (+600 cand, m=12, BROAD+append; pool=0 screened=0)
08:02:12 | CHUNK build on 21132ea3db124717d60cadc6ec4d4e1157dcc449 (+600 cand, m=12, BROAD+append; pool=0 screened=0)
08:11:45 | CHUNK done: pool=108 idxs (screened=600/50000 this ckpt)
08:11:45 | CHUNK done: pool=108 idxs (screened=600/50000 this ckpt)
08:11:45 | MINER (re)launch on broad sigma-curated pool (consensus-strict, oversample=64)
08:11:45 | MINER (re)launch on broad sigma-curated pool (consensus-strict, oversample=64)
=== MODE=opencode | env=opencodeinstruct | pool=/root/sn81-miner/data/inzone_pool_opencode.json | max_new=1280 | k=6 | curate=1 ===
pool ok: 108 idxs
pool/env changed or pool rebuilt -> clearing hot pool /root/sn81-miner/data/hot_pool.json
launched PID=494740 | MODE=opencode env=opencodeinstruct pool=/root/sn81-miner/data/inzone_pool_opencode.json | log=/root/sn81-miner/logs/miner.log
08:13:49 | ok: ckpt=901 built@900 pool=108 fresh=108 (no chunk)
08:13:49 | ok: ckpt=901 built@900 pool=108 fresh=108 (no chunk)
08:15:50 | ok: ckpt=901 built@900 pool=108 fresh=108 (no chunk)
08:15:50 | ok: ckpt=901 built@900 pool=108 fresh=108 (no chunk)
08:17:51 | ok: ckpt=901 built@900 pool=108 fresh=108 (no chunk)
08:17:51 | ok: ckpt=901 built@900 pool=108 fresh=108 (no chunk)
08:19:52 | ok: ckpt=901 built@900 pool=108 fresh=108 (no chunk)
08:19:52 | ok: ckpt=901 built@900 pool=108 fresh=108 (no chunk)
08:21:53 | CHUNK trigger: ckpt_advance(drift=1),bootstrap(pool=108<150) (built@900 now@901) -> pause+chunk
08:21:53 | CHUNK trigger: ckpt_advance(drift=1),bootstrap(pool=108<150) (built@900 now@901) -> pause+chunk
08:22:00 | checkpoint advanced (900 -> 901) -> reset pool + screened (rescreen fresh)
08:22:00 | checkpoint advanced (900 -> 901) -> reset pool + screened (rescreen fresh)
08:22:00 | CHUNK build on 6b920568bc9f23d1d8eb4b08daf2df232719b66b (+600 cand, m=12, BROAD+append; pool=0 screened=0)
08:22:00 | CHUNK build on 6b920568bc9f23d1d8eb4b08daf2df232719b66b (+600 cand, m=12, BROAD+append; pool=0 screened=0)
08:31:35 | CHUNK done: pool=114 idxs (screened=600/50000 this ckpt)
08:31:35 | CHUNK done: pool=114 idxs (screened=600/50000 this ckpt)
08:31:35 | MINER (re)launch on broad sigma-curated pool (consensus-strict, oversample=64)
08:31:35 | MINER (re)launch on broad sigma-curated pool (consensus-strict, oversample=64)
=== MODE=opencode | env=opencodeinstruct | pool=/root/sn81-miner/data/inzone_pool_opencode.json | max_new=1280 | k=6 | curate=1 ===
pool ok: 114 idxs
pool/env changed or pool rebuilt -> clearing hot pool /root/sn81-miner/data/hot_pool.json
launched PID=503193 | MODE=opencode env=opencodeinstruct pool=/root/sn81-miner/data/inzone_pool_opencode.json | log=/root/sn81-miner/logs/miner.log
08:33:39 | ok: ckpt=901 built@901 pool=114 fresh=114 (no chunk)
08:33:39 | ok: ckpt=901 built@901 pool=114 fresh=114 (no chunk)
08:35:40 | ok: ckpt=-1 built@901 pool=114 fresh=114 (no chunk)
08:35:40 | ok: ckpt=-1 built@901 pool=114 fresh=114 (no chunk)
08:37:41 | ok: ckpt=901 built@901 pool=114 fresh=114 (no chunk)
08:37:41 | ok: ckpt=901 built@901 pool=114 fresh=114 (no chunk)
08:39:42 | ok: ckpt=901 built@901 pool=114 fresh=114 (no chunk)
08:39:42 | ok: ckpt=901 built@901 pool=114 fresh=114 (no chunk)
08:41:43 | CHUNK trigger: bootstrap(pool=114<150) (built@901 now@901) -> pause+chunk
08:41:43 | CHUNK trigger: bootstrap(pool=114<150) (built@901 now@901) -> pause+chunk
08:41:50 | CHUNK build on 6b920568bc9f23d1d8eb4b08daf2df232719b66b (+600 cand, m=12, BROAD+append; pool=114 screened=600)
08:41:50 | CHUNK build on 6b920568bc9f23d1d8eb4b08daf2df232719b66b (+600 cand, m=12, BROAD+append; pool=114 screened=600)
08:52:18 | CHUNK done: pool=233 idxs (screened=1200/50000 this ckpt)
08:52:18 | CHUNK done: pool=233 idxs (screened=1200/50000 this ckpt)
08:52:18 | MINER (re)launch on broad sigma-curated pool (consensus-strict, oversample=64)
08:52:18 | MINER (re)launch on broad sigma-curated pool (consensus-strict, oversample=64)
=== MODE=opencode | env=opencodeinstruct | pool=/root/sn81-miner/data/inzone_pool_opencode.json | max_new=1280 | k=6 | curate=1 ===
pool ok: 233 idxs
pool/env changed or pool rebuilt -> clearing hot pool /root/sn81-miner/data/hot_pool.json
launched PID=511378 | MODE=opencode env=opencodeinstruct pool=/root/sn81-miner/data/inzone_pool_opencode.json | log=/root/sn81-miner/logs/miner.log
08:54:27 | ok: ckpt=901 built@901 pool=233 fresh=233 (no chunk)
08:54:27 | ok: ckpt=901 built@901 pool=233 fresh=233 (no chunk)
08:56:28 | ok: ckpt=901 built@901 pool=233 fresh=233 (no chunk)
08:56:28 | ok: ckpt=901 built@901 pool=233 fresh=233 (no chunk)
08:58:29 | ok: ckpt=901 built@901 pool=233 fresh=233 (no chunk)
08:58:29 | ok: ckpt=901 built@901 pool=233 fresh=233 (no chunk)
09:00:30 | ok: ckpt=901 built@901 pool=233 fresh=233 (no chunk)
09:00:30 | ok: ckpt=901 built@901 pool=233 fresh=233 (no chunk)
09:02:31 | CHUNK trigger: ckpt_advance(drift=1) (built@901 now@902) -> pause+chunk
09:02:31 | CHUNK trigger: ckpt_advance(drift=1) (built@901 now@902) -> pause+chunk
09:02:38 | checkpoint advanced (901 -> 902) -> reset pool + screened (rescreen fresh)
09:02:38 | checkpoint advanced (901 -> 902) -> reset pool + screened (rescreen fresh)
09:02:38 | CHUNK build on 6b920568bc9f23d1d8eb4b08daf2df232719b66b (+600 cand, m=12, BROAD+append; pool=0 screened=0)
09:02:38 | CHUNK build on 6b920568bc9f23d1d8eb4b08daf2df232719b66b (+600 cand, m=12, BROAD+append; pool=0 screened=0)
09:12:12 | CHUNK done: pool=116 idxs (screened=600/50000 this ckpt)
09:12:12 | CHUNK done: pool=116 idxs (screened=600/50000 this ckpt)
09:12:12 | MINER (re)launch on broad sigma-curated pool (consensus-strict, oversample=64)
09:12:12 | MINER (re)launch on broad sigma-curated pool (consensus-strict, oversample=64)
=== MODE=opencode | env=opencodeinstruct | pool=/root/sn81-miner/data/inzone_pool_opencode.json | max_new=1280 | k=6 | curate=1 ===
pool ok: 116 idxs
pool/env changed or pool rebuilt -> clearing hot pool /root/sn81-miner/data/hot_pool.json
launched PID=519646 | MODE=opencode env=opencodeinstruct pool=/root/sn81-miner/data/inzone_pool_opencode.json | log=/root/sn81-miner/logs/miner.log
09:14:15 | ok: ckpt=902 built@902 pool=116 fresh=116 (no chunk)
09:14:15 | ok: ckpt=902 built@902 pool=116 fresh=116 (no chunk)
09:16:16 | ok: ckpt=902 built@902 pool=116 fresh=116 (no chunk)
09:16:16 | ok: ckpt=902 built@902 pool=116 fresh=116 (no chunk)
09:18:18 | ok: ckpt=902 built@902 pool=116 fresh=116 (no chunk)
09:18:18 | ok: ckpt=902 built@902 pool=116 fresh=116 (no chunk)
09:20:19 | ok: ckpt=902 built@902 pool=116 fresh=116 (no chunk)
09:20:19 | ok: ckpt=902 built@902 pool=116 fresh=116 (no chunk)
09:22:21 | CHUNK trigger: bootstrap(pool=116<150) (built@902 now@902) -> pause+chunk
09:22:21 | CHUNK trigger: bootstrap(pool=116<150) (built@902 now@902) -> pause+chunk
09:22:27 | CHUNK build on 8a7a6d7ef6df45dadf97f59bd436703c3d04d20b (+600 cand, m=12, BROAD+append; pool=116 screened=600)
09:22:27 | CHUNK build on 8a7a6d7ef6df45dadf97f59bd436703c3d04d20b (+600 cand, m=12, BROAD+append; pool=116 screened=600)
09:38:37 | CHUNK done: pool=676 idxs (screened=1200/50000 this ckpt)
09:38:37 | CHUNK done: pool=676 idxs (screened=1200/50000 this ckpt)
09:38:37 | MINER (re)launch on broad sigma-curated pool (consensus-strict, oversample=64)
09:38:37 | MINER (re)launch on broad sigma-curated pool (consensus-strict, oversample=64)
=== MODE=opencode | env=opencodeinstruct | pool=/root/sn81-miner/data/inzone_pool_opencode.json | max_new=1280 | k=6 | curate=1 ===
pool ok: 676 idxs
pool/env changed or pool rebuilt -> clearing hot pool /root/sn81-miner/data/hot_pool.json
launched PID=526247 | MODE=opencode env=opencodeinstruct pool=/root/sn81-miner/data/inzone_pool_opencode.json | log=/root/sn81-miner/logs/miner.log
09:40:40 | ok: ckpt=902 built@902 pool=676 fresh=675 (no chunk)
09:40:40 | ok: ckpt=902 built@902 pool=676 fresh=675 (no chunk)
09:42:41 | ok: ckpt=902 built@902 pool=676 fresh=675 (no chunk)
09:42:41 | ok: ckpt=902 built@902 pool=676 fresh=675 (no chunk)
09:44:42 | ok: ckpt=-1 built@902 pool=676 fresh=676 (no chunk)
09:44:42 | ok: ckpt=-1 built@902 pool=676 fresh=676 (no chunk)
09:46:43 | ok: ckpt=902 built@902 pool=676 fresh=675 (no chunk)
09:46:43 | ok: ckpt=902 built@902 pool=676 fresh=675 (no chunk)
09:48:44 | ok: ckpt=902 built@902 pool=676 fresh=675 (no chunk)
09:48:44 | ok: ckpt=902 built@902 pool=676 fresh=675 (no chunk)
09:50:45 | ok: ckpt=902 built@902 pool=676 fresh=675 (no chunk)
09:50:45 | ok: ckpt=902 built@902 pool=676 fresh=675 (no chunk)
09:52:46 | ok: ckpt=902 built@902 pool=676 fresh=675 (no chunk)
09:52:46 | ok: ckpt=902 built@902 pool=676 fresh=675 (no chunk)
09:54:47 | ok: ckpt=902 built@902 pool=676 fresh=675 (no chunk)
09:54:47 | ok: ckpt=902 built@902 pool=676 fresh=675 (no chunk)
09:56:48 | ok: ckpt=902 built@902 pool=676 fresh=675 (no chunk)
09:56:48 | ok: ckpt=902 built@902 pool=676 fresh=675 (no chunk)
09:58:49 | ok: ckpt=902 built@902 pool=676 fresh=675 (no chunk)
09:58:49 | ok: ckpt=902 built@902 pool=676 fresh=675 (no chunk)
10:00:50 | ok: ckpt=902 built@902 pool=676 fresh=675 (no chunk)
10:00:50 | ok: ckpt=902 built@902 pool=676 fresh=675 (no chunk)
10:02:51 | ok: ckpt=902 built@902 pool=676 fresh=675 (no chunk)
10:02:51 | ok: ckpt=902 built@902 pool=676 fresh=675 (no chunk)
10:04:52 | ok: ckpt=902 built@902 pool=676 fresh=675 (no chunk)
10:04:52 | ok: ckpt=902 built@902 pool=676 fresh=675 (no chunk)
10:06:53 | ok: ckpt=902 built@902 pool=676 fresh=675 (no chunk)
10:06:53 | ok: ckpt=902 built@902 pool=676 fresh=675 (no chunk)
10:08:54 | ok: ckpt=902 built@902 pool=676 fresh=675 (no chunk)
10:08:54 | ok: ckpt=902 built@902 pool=676 fresh=675 (no chunk)
10:10:56 | ok: ckpt=902 built@902 pool=676 fresh=675 (no chunk)
10:10:56 | ok: ckpt=902 built@902 pool=676 fresh=675 (no chunk)
10:12:57 | CHUNK trigger: ckpt_advance(drift=1) (built@902 now@903) -> pause+chunk
10:12:57 | CHUNK trigger: ckpt_advance(drift=1) (built@902 now@903) -> pause+chunk
10:13:03 | checkpoint advanced (902 -> 903) -> reset pool + screened (rescreen fresh)
10:13:03 | checkpoint advanced (902 -> 903) -> reset pool + screened (rescreen fresh)
10:13:03 | CHUNK build on 8a7a6d7ef6df45dadf97f59bd436703c3d04d20b (+600 cand, m=12, BROAD+append; pool=0 screened=0)
10:13:03 | CHUNK build on 8a7a6d7ef6df45dadf97f59bd436703c3d04d20b (+600 cand, m=12, BROAD+append; pool=0 screened=0)
10:22:33 | CHUNK done: pool=122 idxs (screened=600/50000 this ckpt)
10:22:33 | CHUNK done: pool=122 idxs (screened=600/50000 this ckpt)
10:22:33 | MINER (re)launch on broad sigma-curated pool (consensus-strict, oversample=64)
10:22:33 | MINER (re)launch on broad sigma-curated pool (consensus-strict, oversample=64)
=== MODE=opencode | env=opencodeinstruct | pool=/root/sn81-miner/data/inzone_pool_opencode.json | max_new=1280 | k=6 | curate=1 ===
pool ok: 122 idxs
pool/env changed or pool rebuilt -> clearing hot pool /root/sn81-miner/data/hot_pool.json
launched PID=541896 | MODE=opencode env=opencodeinstruct pool=/root/sn81-miner/data/inzone_pool_opencode.json | log=/root/sn81-miner/logs/miner.log
10:24:36 | ok: ckpt=903 built@903 pool=122 fresh=122 (no chunk)
10:24:36 | ok: ckpt=903 built@903 pool=122 fresh=122 (no chunk)
10:26:37 | ok: ckpt=903 built@903 pool=122 fresh=122 (no chunk)
10:26:37 | ok: ckpt=903 built@903 pool=122 fresh=122 (no chunk)
10:28:38 | ok: ckpt=903 built@903 pool=122 fresh=122 (no chunk)
10:28:38 | ok: ckpt=903 built@903 pool=122 fresh=122 (no chunk)
10:30:39 | ok: ckpt=903 built@903 pool=122 fresh=122 (no chunk)
10:30:39 | ok: ckpt=903 built@903 pool=122 fresh=122 (no chunk)
10:32:40 | CHUNK trigger: bootstrap(pool=122<150) (built@903 now@903) -> pause+chunk
10:32:40 | CHUNK trigger: bootstrap(pool=122<150) (built@903 now@903) -> pause+chunk
10:32:47 | CHUNK build on 50543f3b599134987b91df3f7aebd7f8a75e759c (+600 cand, m=12, BROAD+append; pool=122 screened=600)
10:32:47 | CHUNK build on 50543f3b599134987b91df3f7aebd7f8a75e759c (+600 cand, m=12, BROAD+append; pool=122 screened=600)
10:42:59 | CHUNK done: pool=246 idxs (screened=1200/50000 this ckpt)
10:42:59 | CHUNK done: pool=246 idxs (screened=1200/50000 this ckpt)
10:42:59 | MINER (re)launch on broad sigma-curated pool (consensus-strict, oversample=64)
10:42:59 | MINER (re)launch on broad sigma-curated pool (consensus-strict, oversample=64)
=== MODE=opencode | env=opencodeinstruct | pool=/root/sn81-miner/data/inzone_pool_opencode.json | max_new=1280 | k=6 | curate=1 ===
pool ok: 246 idxs
pool/env changed or pool rebuilt -> clearing hot pool /root/sn81-miner/data/hot_pool.json
launched PID=550209 | MODE=opencode env=opencodeinstruct pool=/root/sn81-miner/data/inzone_pool_opencode.json | log=/root/sn81-miner/logs/miner.log
10:45:02 | ok: ckpt=903 built@903 pool=246 fresh=246 (no chunk)
10:45:02 | ok: ckpt=903 built@903 pool=246 fresh=246 (no chunk)
10:47:03 | ok: ckpt=903 built@903 pool=246 fresh=246 (no chunk)
10:47:03 | ok: ckpt=903 built@903 pool=246 fresh=246 (no chunk)
10:49:05 | ok: ckpt=903 built@903 pool=246 fresh=246 (no chunk)
10:49:05 | ok: ckpt=903 built@903 pool=246 fresh=246 (no chunk)
10:51:06 | ok: ckpt=903 built@903 pool=246 fresh=246 (no chunk)
10:51:06 | ok: ckpt=903 built@903 pool=246 fresh=246 (no chunk)
10:53:09 | ok: ckpt=903 built@903 pool=246 fresh=246 (no chunk)
10:53:09 | ok: ckpt=903 built@903 pool=246 fresh=246 (no chunk)
10:55:10 | ok: ckpt=-1 built@903 pool=246 fresh=246 (no chunk)
10:55:10 | ok: ckpt=-1 built@903 pool=246 fresh=246 (no chunk)
10:57:11 | ok: ckpt=903 built@903 pool=246 fresh=246 (no chunk)
10:57:11 | ok: ckpt=903 built@903 pool=246 fresh=246 (no chunk)
10:59:12 | ok: ckpt=903 built@903 pool=246 fresh=246 (no chunk)
10:59:12 | ok: ckpt=903 built@903 pool=246 fresh=246 (no chunk)
11:01:13 | ok: ckpt=903 built@903 pool=246 fresh=246 (no chunk)
11:01:13 | ok: ckpt=903 built@903 pool=246 fresh=246 (no chunk)
11:03:14 | ok: ckpt=903 built@903 pool=246 fresh=246 (no chunk)
11:03:14 | ok: ckpt=903 built@903 pool=246 fresh=246 (no chunk)
11:05:16 | ok: ckpt=903 built@903 pool=246 fresh=246 (no chunk)
11:05:16 | ok: ckpt=903 built@903 pool=246 fresh=246 (no chunk)
11:07:17 | ok: ckpt=903 built@903 pool=246 fresh=246 (no chunk)
11:07:17 | ok: ckpt=903 built@903 pool=246 fresh=246 (no chunk)
11:09:18 | ok: ckpt=903 built@903 pool=246 fresh=246 (no chunk)
11:09:18 | ok: ckpt=903 built@903 pool=246 fresh=246 (no chunk)
11:11:19 | ok: ckpt=903 built@903 pool=246 fresh=246 (no chunk)
11:11:19 | ok: ckpt=903 built@903 pool=246 fresh=246 (no chunk)
11:13:20 | ok: ckpt=903 built@903 pool=246 fresh=246 (no chunk)
11:13:20 | ok: ckpt=903 built@903 pool=246 fresh=246 (no chunk)
11:15:22 | ok: ckpt=903 built@903 pool=246 fresh=246 (no chunk)
11:15:22 | ok: ckpt=903 built@903 pool=246 fresh=246 (no chunk)
11:17:23 | ok: ckpt=903 built@903 pool=246 fresh=246 (no chunk)
11:17:23 | ok: ckpt=903 built@903 pool=246 fresh=246 (no chunk)
11:19:24 | CHUNK trigger: ckpt_advance(drift=1) (built@903 now@904) -> pause+chunk
11:19:24 | CHUNK trigger: ckpt_advance(drift=1) (built@903 now@904) -> pause+chunk
11:19:30 | checkpoint advanced (903 -> 904) -> reset pool + screened (rescreen fresh)
11:19:30 | checkpoint advanced (903 -> 904) -> reset pool + screened (rescreen fresh)
11:19:30 | CHUNK build on 50543f3b599134987b91df3f7aebd7f8a75e759c (+600 cand, m=12, BROAD+append; pool=0 screened=0)
11:19:30 | CHUNK build on 50543f3b599134987b91df3f7aebd7f8a75e759c (+600 cand, m=12, BROAD+append; pool=0 screened=0)
11:29:06 | CHUNK done: pool=133 idxs (screened=600/50000 this ckpt)
11:29:06 | CHUNK done: pool=133 idxs (screened=600/50000 this ckpt)
11:29:06 | MINER (re)launch on broad sigma-curated pool (consensus-strict, oversample=64)
11:29:06 | MINER (re)launch on broad sigma-curated pool (consensus-strict, oversample=64)
=== MODE=opencode | env=opencodeinstruct | pool=/root/sn81-miner/data/inzone_pool_opencode.json | max_new=1280 | k=6 | curate=1 ===
pool ok: 133 idxs
pool/env changed or pool rebuilt -> clearing hot pool /root/sn81-miner/data/hot_pool.json
launched PID=563104 | MODE=opencode env=opencodeinstruct pool=/root/sn81-miner/data/inzone_pool_opencode.json | log=/root/sn81-miner/logs/miner.log
11:31:09 | ok: ckpt=904 built@904 pool=133 fresh=133 (no chunk)
11:31:09 | ok: ckpt=904 built@904 pool=133 fresh=133 (no chunk)
11:33:10 | ok: ckpt=904 built@904 pool=133 fresh=133 (no chunk)
11:33:10 | ok: ckpt=904 built@904 pool=133 fresh=133 (no chunk)
11:35:11 | ok: ckpt=904 built@904 pool=133 fresh=133 (no chunk)
11:35:11 | ok: ckpt=904 built@904 pool=133 fresh=133 (no chunk)
11:37:12 | ok: ckpt=904 built@904 pool=133 fresh=133 (no chunk)
11:37:12 | ok: ckpt=904 built@904 pool=133 fresh=133 (no chunk)
11:39:13 | CHUNK trigger: bootstrap(pool=133<150) (built@904 now@904) -> pause+chunk
11:39:13 | CHUNK trigger: bootstrap(pool=133<150) (built@904 now@904) -> pause+chunk
11:39:20 | CHUNK build on 0b959e2147397dc6e6e04c872282b92793c07c0c (+600 cand, m=12, BROAD+append; pool=133 screened=600)
11:39:20 | CHUNK build on 0b959e2147397dc6e6e04c872282b92793c07c0c (+600 cand, m=12, BROAD+append; pool=133 screened=600)
11:49:34 | CHUNK done: pool=237 idxs (screened=1200/50000 this ckpt)
11:49:34 | CHUNK done: pool=237 idxs (screened=1200/50000 this ckpt)
11:49:34 | MINER (re)launch on broad sigma-curated pool (consensus-strict, oversample=64)
11:49:34 | MINER (re)launch on broad sigma-curated pool (consensus-strict, oversample=64)
=== MODE=opencode | env=opencodeinstruct | pool=/root/sn81-miner/data/inzone_pool_opencode.json | max_new=1280 | k=6 | curate=1 ===
pool ok: 237 idxs
pool/env changed or pool rebuilt -> clearing hot pool /root/sn81-miner/data/hot_pool.json
launched PID=571408 | MODE=opencode env=opencodeinstruct pool=/root/sn81-miner/data/inzone_pool_opencode.json | log=/root/sn81-miner/logs/miner.log
11:51:37 | ok: ckpt=904 built@904 pool=237 fresh=236 (no chunk)
11:51:37 | ok: ckpt=904 built@904 pool=237 fresh=236 (no chunk)
11:53:38 | ok: ckpt=904 built@904 pool=237 fresh=236 (no chunk)
11:53:38 | ok: ckpt=904 built@904 pool=237 fresh=236 (no chunk)
11:55:39 | ok: ckpt=904 built@904 pool=237 fresh=236 (no chunk)
11:55:39 | ok: ckpt=904 built@904 pool=237 fresh=236 (no chunk)
11:57:41 | ok: ckpt=904 built@904 pool=237 fresh=236 (no chunk)
11:57:41 | ok: ckpt=904 built@904 pool=237 fresh=236 (no chunk)
11:59:43 | ok: ckpt=904 built@904 pool=237 fresh=236 (no chunk)
11:59:43 | ok: ckpt=904 built@904 pool=237 fresh=236 (no chunk)
12:01:45 | ok: ckpt=904 built@904 pool=237 fresh=236 (no chunk)
12:01:45 | ok: ckpt=904 built@904 pool=237 fresh=236 (no chunk)
12:03:46 | ok: ckpt=904 built@904 pool=237 fresh=236 (no chunk)
12:03:46 | ok: ckpt=904 built@904 pool=237 fresh=236 (no chunk)
12:05:47 | ok: ckpt=904 built@904 pool=237 fresh=236 (no chunk)
12:05:47 | ok: ckpt=904 built@904 pool=237 fresh=236 (no chunk)
12:07:48 | ok: ckpt=904 built@904 pool=237 fresh=236 (no chunk)
12:07:48 | ok: ckpt=904 built@904 pool=237 fresh=236 (no chunk)
12:09:49 | ok: ckpt=904 built@904 pool=237 fresh=236 (no chunk)
12:09:49 | ok: ckpt=904 built@904 pool=237 fresh=236 (no chunk)
12:11:50 | ok: ckpt=904 built@904 pool=237 fresh=236 (no chunk)
12:11:50 | ok: ckpt=904 built@904 pool=237 fresh=236 (no chunk)
12:13:51 | ok: ckpt=904 built@904 pool=237 fresh=236 (no chunk)
12:13:51 | ok: ckpt=904 built@904 pool=237 fresh=236 (no chunk)
12:15:52 | ok: ckpt=904 built@904 pool=237 fresh=236 (no chunk)
12:15:52 | ok: ckpt=904 built@904 pool=237 fresh=236 (no chunk)
12:17:53 | ok: ckpt=904 built@904 pool=237 fresh=236 (no chunk)
12:17:53 | ok: ckpt=904 built@904 pool=237 fresh=236 (no chunk)
12:19:54 | ok: ckpt=904 built@904 pool=237 fresh=236 (no chunk)
12:19:54 | ok: ckpt=904 built@904 pool=237 fresh=236 (no chunk)
12:21:55 | ok: ckpt=904 built@904 pool=237 fresh=236 (no chunk)
12:21:55 | ok: ckpt=904 built@904 pool=237 fresh=236 (no chunk)
12:23:56 | ok: ckpt=904 built@904 pool=237 fresh=236 (no chunk)
12:23:56 | ok: ckpt=904 built@904 pool=237 fresh=236 (no chunk)
12:25:57 | ok: ckpt=904 built@904 pool=237 fresh=236 (no chunk)
12:25:57 | ok: ckpt=904 built@904 pool=237 fresh=236 (no chunk)
12:27:58 | ok: ckpt=904 built@904 pool=237 fresh=236 (no chunk)
12:27:58 | ok: ckpt=904 built@904 pool=237 fresh=236 (no chunk)
12:29:59 | CHUNK trigger: ckpt_advance(drift=1) (built@904 now@905) -> pause+chunk
12:29:59 | CHUNK trigger: ckpt_advance(drift=1) (built@904 now@905) -> pause+chunk
12:30:06 | checkpoint advanced (904 -> 905) -> reset pool + screened (rescreen fresh)
12:30:06 | checkpoint advanced (904 -> 905) -> reset pool + screened (rescreen fresh)
12:30:06 | CHUNK build on 0b959e2147397dc6e6e04c872282b92793c07c0c (+600 cand, m=12, BROAD+append; pool=0 screened=0)
12:30:06 | CHUNK build on 0b959e2147397dc6e6e04c872282b92793c07c0c (+600 cand, m=12, BROAD+append; pool=0 screened=0)
12:39:26 | CHUNK done: pool=109 idxs (screened=600/50000 this ckpt)
12:39:26 | CHUNK done: pool=109 idxs (screened=600/50000 this ckpt)
12:39:26 | MINER (re)launch on broad sigma-curated pool (consensus-strict, oversample=64)
12:39:26 | MINER (re)launch on broad sigma-curated pool (consensus-strict, oversample=64)
=== MODE=opencode | env=opencodeinstruct | pool=/root/sn81-miner/data/inzone_pool_opencode.json | max_new=1280 | k=6 | curate=1 ===
pool ok: 109 idxs
pool/env changed or pool rebuilt -> clearing hot pool /root/sn81-miner/data/hot_pool.json
launched PID=584968 | MODE=opencode env=opencodeinstruct pool=/root/sn81-miner/data/inzone_pool_opencode.json | log=/root/sn81-miner/logs/miner.log
12:41:29 | ok: ckpt=905 built@905 pool=109 fresh=109 (no chunk)
12:41:29 | ok: ckpt=905 built@905 pool=109 fresh=109 (no chunk)
12:43:30 | ok: ckpt=905 built@905 pool=109 fresh=109 (no chunk)
12:43:30 | ok: ckpt=905 built@905 pool=109 fresh=109 (no chunk)
12:45:31 | ok: ckpt=905 built@905 pool=109 fresh=109 (no chunk)
12:45:31 | ok: ckpt=905 built@905 pool=109 fresh=109 (no chunk)
12:47:32 | ok: ckpt=905 built@905 pool=109 fresh=109 (no chunk)
12:47:32 | ok: ckpt=905 built@905 pool=109 fresh=109 (no chunk)
12:49:37 | CHUNK trigger: bootstrap(pool=109<150) (built@905 now@905) -> pause+chunk
12:49:37 | CHUNK trigger: bootstrap(pool=109<150) (built@905 now@905) -> pause+chunk
12:49:43 | CHUNK build on 355fbdb6ba24ee6161f6505651cd4234129e7ba6 (+600 cand, m=12, BROAD+append; pool=109 screened=600)
12:49:43 | CHUNK build on 355fbdb6ba24ee6161f6505651cd4234129e7ba6 (+600 cand, m=12, BROAD+append; pool=109 screened=600)
12:59:50 | CHUNK done: pool=228 idxs (screened=1200/50000 this ckpt)
12:59:50 | CHUNK done: pool=228 idxs (screened=1200/50000 this ckpt)
12:59:50 | MINER (re)launch on broad sigma-curated pool (consensus-strict, oversample=64)
12:59:50 | MINER (re)launch on broad sigma-curated pool (consensus-strict, oversample=64)
=== MODE=opencode | env=opencodeinstruct | pool=/root/sn81-miner/data/inzone_pool_opencode.json | max_new=1280 | k=6 | curate=1 ===
pool ok: 228 idxs
pool/env changed or pool rebuilt -> clearing hot pool /root/sn81-miner/data/hot_pool.json
launched PID=593197 | MODE=opencode env=opencodeinstruct pool=/root/sn81-miner/data/inzone_pool_opencode.json | log=/root/sn81-miner/logs/miner.log
13:01:53 | ok: ckpt=905 built@905 pool=228 fresh=228 (no chunk)
13:01:53 | ok: ckpt=905 built@905 pool=228 fresh=228 (no chunk)
13:03:54 | ok: ckpt=905 built@905 pool=228 fresh=228 (no chunk)
13:03:54 | ok: ckpt=905 built@905 pool=228 fresh=228 (no chunk)
13:05:55 | ok: ckpt=905 built@905 pool=228 fresh=228 (no chunk)
13:05:55 | ok: ckpt=905 built@905 pool=228 fresh=228 (no chunk)
13:07:56 | ok: ckpt=905 built@905 pool=228 fresh=228 (no chunk)
13:07:56 | ok: ckpt=905 built@905 pool=228 fresh=228 (no chunk)
13:09:58 | ok: ckpt=905 built@905 pool=228 fresh=228 (no chunk)
13:09:58 | ok: ckpt=905 built@905 pool=228 fresh=228 (no chunk)
13:11:59 | ok: ckpt=905 built@905 pool=228 fresh=228 (no chunk)
13:11:59 | ok: ckpt=905 built@905 pool=228 fresh=228 (no chunk)
13:14:00 | ok: ckpt=905 built@905 pool=228 fresh=228 (no chunk)
13:14:00 | ok: ckpt=905 built@905 pool=228 fresh=228 (no chunk)
13:16:01 | ok: ckpt=905 built@905 pool=228 fresh=228 (no chunk)
13:16:01 | ok: ckpt=905 built@905 pool=228 fresh=228 (no chunk)
13:18:03 | ok: ckpt=905 built@905 pool=228 fresh=228 (no chunk)
13:18:03 | ok: ckpt=905 built@905 pool=228 fresh=228 (no chunk)
13:20:04 | ok: ckpt=905 built@905 pool=228 fresh=228 (no chunk)
13:20:04 | ok: ckpt=905 built@905 pool=228 fresh=228 (no chunk)
13:22:05 | ok: ckpt=905 built@905 pool=228 fresh=228 (no chunk)
13:22:05 | ok: ckpt=905 built@905 pool=228 fresh=228 (no chunk)
13:24:06 | ok: ckpt=905 built@905 pool=228 fresh=228 (no chunk)
13:24:06 | ok: ckpt=905 built@905 pool=228 fresh=228 (no chunk)
13:26:07 | ok: ckpt=905 built@905 pool=228 fresh=228 (no chunk)
13:26:07 | ok: ckpt=905 built@905 pool=228 fresh=228 (no chunk)
13:28:08 | ok: ckpt=905 built@905 pool=228 fresh=228 (no chunk)
13:28:08 | ok: ckpt=905 built@905 pool=228 fresh=228 (no chunk)
13:30:09 | ok: ckpt=905 built@905 pool=228 fresh=228 (no chunk)
13:30:09 | ok: ckpt=905 built@905 pool=228 fresh=228 (no chunk)
13:32:10 | ok: ckpt=905 built@905 pool=228 fresh=228 (no chunk)
13:32:10 | ok: ckpt=905 built@905 pool=228 fresh=228 (no chunk)
13:34:11 | ok: ckpt=905 built@905 pool=228 fresh=228 (no chunk)
13:34:11 | ok: ckpt=905 built@905 pool=228 fresh=228 (no chunk)
13:36:12 | ok: ckpt=905 built@905 pool=228 fresh=228 (no chunk)
13:36:12 | ok: ckpt=905 built@905 pool=228 fresh=228 (no chunk)
13:38:13 | ok: ckpt=905 built@905 pool=228 fresh=228 (no chunk)
13:38:13 | ok: ckpt=905 built@905 pool=228 fresh=228 (no chunk)
13:40:14 | ok: ckpt=905 built@905 pool=228 fresh=228 (no chunk)
13:40:14 | ok: ckpt=905 built@905 pool=228 fresh=228 (no chunk)
13:42:16 | ok: ckpt=905 built@905 pool=228 fresh=228 (no chunk)
13:42:16 | ok: ckpt=905 built@905 pool=228 fresh=228 (no chunk)
13:44:17 | CHUNK trigger: ckpt_advance(drift=1) (built@905 now@906) -> pause+chunk
13:44:17 | CHUNK trigger: ckpt_advance(drift=1) (built@905 now@906) -> pause+chunk
13:44:23 | checkpoint advanced (905 -> 906) -> reset pool + screened (rescreen fresh)
13:44:23 | checkpoint advanced (905 -> 906) -> reset pool + screened (rescreen fresh)
13:44:23 | CHUNK build on b935c9b8a75a762799ebb1d33e37c5f6a2cf80f9 (+600 cand, m=12, BROAD+append; pool=0 screened=0)
13:44:23 | CHUNK build on b935c9b8a75a762799ebb1d33e37c5f6a2cf80f9 (+600 cand, m=12, BROAD+append; pool=0 screened=0)
14:00:40 | CHUNK done: pool=567 idxs (screened=600/50000 this ckpt)
14:00:40 | CHUNK done: pool=567 idxs (screened=600/50000 this ckpt)
14:00:40 | MINER (re)launch on broad sigma-curated pool (consensus-strict, oversample=64)
14:00:40 | MINER (re)launch on broad sigma-curated pool (consensus-strict, oversample=64)
=== MODE=opencode | env=opencodeinstruct | pool=/root/sn81-miner/data/inzone_pool_opencode.json | max_new=1280 | k=6 | curate=1 ===
pool ok: 567 idxs
pool/env changed or pool rebuilt -> clearing hot pool /root/sn81-miner/data/hot_pool.json
launched PID=605929 | MODE=opencode env=opencodeinstruct pool=/root/sn81-miner/data/inzone_pool_opencode.json | log=/root/sn81-miner/logs/miner.log
14:02:43 | ok: ckpt=906 built@906 pool=567 fresh=567 (no chunk)
14:02:43 | ok: ckpt=906 built@906 pool=567 fresh=567 (no chunk)
14:04:44 | ok: ckpt=906 built@906 pool=567 fresh=567 (no chunk)
14:04:44 | ok: ckpt=906 built@906 pool=567 fresh=567 (no chunk)
14:06:45 | ok: ckpt=906 built@906 pool=567 fresh=567 (no chunk)
14:06:45 | ok: ckpt=906 built@906 pool=567 fresh=567 (no chunk)
14:08:46 | ok: ckpt=906 built@906 pool=567 fresh=567 (no chunk)
14:08:46 | ok: ckpt=906 built@906 pool=567 fresh=567 (no chunk)
14:10:47 | ok: ckpt=906 built@906 pool=567 fresh=567 (no chunk)
14:10:47 | ok: ckpt=906 built@906 pool=567 fresh=567 (no chunk)
14:12:48 | ok: ckpt=906 built@906 pool=567 fresh=567 (no chunk)
14:12:48 | ok: ckpt=906 built@906 pool=567 fresh=567 (no chunk)
14:14:49 | ok: ckpt=906 built@906 pool=567 fresh=567 (no chunk)
14:14:49 | ok: ckpt=906 built@906 pool=567 fresh=567 (no chunk)
14:16:52 | ok: ckpt=906 built@906 pool=567 fresh=567 (no chunk)
14:16:52 | ok: ckpt=906 built@906 pool=567 fresh=567 (no chunk)
14:18:53 | ok: ckpt=906 built@906 pool=567 fresh=567 (no chunk)
14:18:53 | ok: ckpt=906 built@906 pool=567 fresh=567 (no chunk)
14:20:55 | ok: ckpt=906 built@906 pool=567 fresh=567 (no chunk)
14:20:55 | ok: ckpt=906 built@906 pool=567 fresh=567 (no chunk)
14:22:56 | ok: ckpt=906 built@906 pool=567 fresh=567 (no chunk)
14:22:56 | ok: ckpt=906 built@906 pool=567 fresh=567 (no chunk)
14:24:57 | ok: ckpt=906 built@906 pool=567 fresh=567 (no chunk)
14:24:57 | ok: ckpt=906 built@906 pool=567 fresh=567 (no chunk)
14:26:58 | ok: ckpt=906 built@906 pool=567 fresh=567 (no chunk)
14:26:58 | ok: ckpt=906 built@906 pool=567 fresh=567 (no chunk)
14:28:59 | ok: ckpt=906 built@906 pool=567 fresh=567 (no chunk)
14:28:59 | ok: ckpt=906 built@906 pool=567 fresh=567 (no chunk)
14:31:00 | ok: ckpt=906 built@906 pool=567 fresh=567 (no chunk)
14:31:00 | ok: ckpt=906 built@906 pool=567 fresh=567 (no chunk)
14:33:02 | ok: ckpt=906 built@906 pool=567 fresh=567 (no chunk)
14:33:02 | ok: ckpt=906 built@906 pool=567 fresh=567 (no chunk)
14:35:03 | ok: ckpt=906 built@906 pool=567 fresh=567 (no chunk)
14:35:03 | ok: ckpt=906 built@906 pool=567 fresh=567 (no chunk)
14:37:04 | ok: ckpt=906 built@906 pool=567 fresh=567 (no chunk)
14:37:04 | ok: ckpt=906 built@906 pool=567 fresh=567 (no chunk)
14:39:05 | ok: ckpt=906 built@906 pool=567 fresh=567 (no chunk)
14:39:05 | ok: ckpt=906 built@906 pool=567 fresh=567 (no chunk)
14:41:06 | ok: ckpt=906 built@906 pool=567 fresh=567 (no chunk)
14:41:06 | ok: ckpt=906 built@906 pool=567 fresh=567 (no chunk)
14:43:07 | ok: ckpt=906 built@906 pool=567 fresh=567 (no chunk)
14:43:07 | ok: ckpt=906 built@906 pool=567 fresh=567 (no chunk)
14:45:08 | ok: ckpt=906 built@906 pool=567 fresh=567 (no chunk)
14:45:08 | ok: ckpt=906 built@906 pool=567 fresh=567 (no chunk)
14:47:09 | ok: ckpt=906 built@906 pool=567 fresh=567 (no chunk)
14:47:09 | ok: ckpt=906 built@906 pool=567 fresh=567 (no chunk)
14:49:10 | ok: ckpt=906 built@906 pool=567 fresh=567 (no chunk)
14:49:10 | ok: ckpt=906 built@906 pool=567 fresh=567 (no chunk)
14:51:11 | ok: ckpt=906 built@906 pool=567 fresh=567 (no chunk)
14:51:11 | ok: ckpt=906 built@906 pool=567 fresh=567 (no chunk)
14:53:12 | ok: ckpt=906 built@906 pool=567 fresh=567 (no chunk)
14:53:12 | ok: ckpt=906 built@906 pool=567 fresh=567 (no chunk)
14:55:19 | ok: ckpt=906 built@906 pool=567 fresh=567 (no chunk)
14:55:19 | ok: ckpt=906 built@906 pool=567 fresh=567 (no chunk)
14:57:20 | ok: ckpt=906 built@906 pool=567 fresh=567 (no chunk)
14:57:20 | ok: ckpt=906 built@906 pool=567 fresh=567 (no chunk)
14:59:21 | ok: ckpt=906 built@906 pool=567 fresh=567 (no chunk)
14:59:21 | ok: ckpt=906 built@906 pool=567 fresh=567 (no chunk)
15:01:22 | ok: ckpt=906 built@906 pool=567 fresh=567 (no chunk)
15:01:22 | ok: ckpt=906 built@906 pool=567 fresh=567 (no chunk)
15:03:23 | ok: ckpt=906 built@906 pool=567 fresh=566 (no chunk)
15:03:23 | ok: ckpt=906 built@906 pool=567 fresh=566 (no chunk)
15:05:24 | ok: ckpt=906 built@906 pool=567 fresh=566 (no chunk)
15:05:24 | ok: ckpt=906 built@906 pool=567 fresh=566 (no chunk)
15:07:25 | ok: ckpt=906 built@906 pool=567 fresh=566 (no chunk)
15:07:25 | ok: ckpt=906 built@906 pool=567 fresh=566 (no chunk)
15:09:26 | CHUNK trigger: ckpt_advance(drift=1) (built@906 now@907) -> pause+chunk
15:09:26 | CHUNK trigger: ckpt_advance(drift=1) (built@906 now@907) -> pause+chunk
15:09:32 | checkpoint advanced (906 -> 907) -> reset pool + screened (rescreen fresh)
15:09:32 | checkpoint advanced (906 -> 907) -> reset pool + screened (rescreen fresh)
15:09:32 | CHUNK build on 4cf8d5c5713b9be00ffdef8ce2f98ae5a947fa25 (+600 cand, m=12, BROAD+append; pool=0 screened=0)
15:09:32 | CHUNK build on 4cf8d5c5713b9be00ffdef8ce2f98ae5a947fa25 (+600 cand, m=12, BROAD+append; pool=0 screened=0)
15:25:33 | CHUNK done: pool=568 idxs (screened=600/50000 this ckpt)
15:25:33 | CHUNK done: pool=568 idxs (screened=600/50000 this ckpt)
15:25:33 | MINER (re)launch on broad sigma-curated pool (consensus-strict, oversample=64)
15:25:33 | MINER (re)launch on broad sigma-curated pool (consensus-strict, oversample=64)
=== MODE=opencode | env=opencodeinstruct | pool=/root/sn81-miner/data/inzone_pool_opencode.json | max_new=1280 | k=6 | curate=1 ===
pool ok: 568 idxs
pool/env changed or pool rebuilt -> clearing hot pool /root/sn81-miner/data/hot_pool.json
launched PID=631967 | MODE=opencode env=opencodeinstruct pool=/root/sn81-miner/data/inzone_pool_opencode.json | log=/root/sn81-miner/logs/miner.log
15:27:36 | ok: ckpt=907 built@907 pool=568 fresh=566 (no chunk)
15:27:36 | ok: ckpt=907 built@907 pool=568 fresh=566 (no chunk)
15:29:37 | ok: ckpt=907 built@907 pool=568 fresh=566 (no chunk)
15:29:37 | ok: ckpt=907 built@907 pool=568 fresh=566 (no chunk)
15:31:38 | ok: ckpt=907 built@907 pool=568 fresh=566 (no chunk)
15:31:38 | ok: ckpt=907 built@907 pool=568 fresh=566 (no chunk)
15:33:39 | ok: ckpt=907 built@907 pool=568 fresh=566 (no chunk)
15:33:39 | ok: ckpt=907 built@907 pool=568 fresh=566 (no chunk)
15:35:40 | ok: ckpt=907 built@907 pool=568 fresh=566 (no chunk)
15:35:40 | ok: ckpt=907 built@907 pool=568 fresh=566 (no chunk)
15:37:41 | ok: ckpt=907 built@907 pool=568 fresh=566 (no chunk)
15:37:41 | ok: ckpt=907 built@907 pool=568 fresh=566 (no chunk)
15:39:42 | ok: ckpt=907 built@907 pool=568 fresh=566 (no chunk)
15:39:42 | ok: ckpt=907 built@907 pool=568 fresh=566 (no chunk)
15:41:43 | ok: ckpt=907 built@907 pool=568 fresh=566 (no chunk)
15:41:43 | ok: ckpt=907 built@907 pool=568 fresh=566 (no chunk)
15:43:44 | ok: ckpt=907 built@907 pool=568 fresh=566 (no chunk)
15:43:44 | ok: ckpt=907 built@907 pool=568 fresh=566 (no chunk)
15:45:45 | ok: ckpt=907 built@907 pool=568 fresh=566 (no chunk)
15:45:45 | ok: ckpt=907 built@907 pool=568 fresh=566 (no chunk)
15:47:46 | ok: ckpt=907 built@907 pool=568 fresh=566 (no chunk)
15:47:46 | ok: ckpt=907 built@907 pool=568 fresh=566 (no chunk)
15:49:47 | ok: ckpt=907 built@907 pool=568 fresh=566 (no chunk)
15:49:47 | ok: ckpt=907 built@907 pool=568 fresh=566 (no chunk)
15:51:48 | ok: ckpt=907 built@907 pool=568 fresh=566 (no chunk)
15:51:48 | ok: ckpt=907 built@907 pool=568 fresh=566 (no chunk)
15:53:49 | ok: ckpt=907 built@907 pool=568 fresh=566 (no chunk)
15:53:49 | ok: ckpt=907 built@907 pool=568 fresh=566 (no chunk)
15:55:50 | ok: ckpt=907 built@907 pool=568 fresh=566 (no chunk)
15:55:50 | ok: ckpt=907 built@907 pool=568 fresh=566 (no chunk)
16:00:16 | === auto_pool supervisor start (chunked: +250/chunk, target=120, min_fresh=32) ===
16:00:16 | === auto_pool supervisor start (chunked: +250/chunk, target=120, min_fresh=32) ===
16:00:16 | no pool yet -> first chunk
16:00:16 | no pool yet -> first chunk
16:00:22 | CHUNK build on 4cf8d5c5713b9be00ffdef8ce2f98ae5a947fa25 (+250 cand, m=64, BROAD+append; pool=0 screened=0)
16:00:22 | CHUNK build on 4cf8d5c5713b9be00ffdef8ce2f98ae5a947fa25 (+250 cand, m=64, BROAD+append; pool=0 screened=0)
16:20:03 | CHUNK done: pool=43 idxs (screened=250/50000 this ckpt)
16:20:03 | CHUNK done: pool=43 idxs (screened=250/50000 this ckpt)
16:20:03 | MINER (re)launch on broad sigma-curated pool (consensus-strict, oversample=64)
16:20:03 | MINER (re)launch on broad sigma-curated pool (consensus-strict, oversample=64)
=== MODE=opencode | env=opencodeinstruct | pool=/root/sn81-miner/data/inzone_pool_opencode.json | max_new=1280 | k=6 | curate=1 ===
pool ok: 43 idxs
pool/env changed or pool rebuilt -> clearing hot pool /root/sn81-miner/data/hot_pool.json
launched PID=654077 | MODE=opencode env=opencodeinstruct pool=/root/sn81-miner/data/inzone_pool_opencode.json | log=/root/sn81-miner/logs/miner.log
16:22:06 | ok: ckpt=907 built@907 pool=43 fresh=43 (no chunk)
16:22:06 | ok: ckpt=907 built@907 pool=43 fresh=43 (no chunk)
16:24:07 | ok: ckpt=907 built@907 pool=43 fresh=43 (no chunk)
16:24:07 | ok: ckpt=907 built@907 pool=43 fresh=43 (no chunk)
16:26:08 | ok: ckpt=907 built@907 pool=43 fresh=43 (no chunk)
16:26:08 | ok: ckpt=907 built@907 pool=43 fresh=43 (no chunk)
16:28:09 | ok: ckpt=907 built@907 pool=43 fresh=43 (no chunk)
16:28:09 | ok: ckpt=907 built@907 pool=43 fresh=43 (no chunk)
16:30:10 | CHUNK trigger: bootstrap(pool=43<120) (built@907 now@907) -> pause+chunk
16:30:10 | CHUNK trigger: bootstrap(pool=43<120) (built@907 now@907) -> pause+chunk
16:30:17 | CHUNK build on 4cf8d5c5713b9be00ffdef8ce2f98ae5a947fa25 (+250 cand, m=64, BROAD+append; pool=43 screened=250)
16:30:17 | CHUNK build on 4cf8d5c5713b9be00ffdef8ce2f98ae5a947fa25 (+250 cand, m=64, BROAD+append; pool=43 screened=250)
16:43:31 | === auto_pool supervisor start (chunked: +200/chunk, target=100, min_fresh=32) ===
16:43:31 | === auto_pool supervisor start (chunked: +200/chunk, target=100, min_fresh=32) ===
16:43:31 | MINER (re)launch on broad sigma-curated pool (consensus-strict, oversample=64)
16:43:31 | MINER (re)launch on broad sigma-curated pool (consensus-strict, oversample=64)
=== MODE=opencode | env=opencodeinstruct | pool=/root/sn81-miner/data/inzone_pool_opencode.json | max_new=1280 | k=6 | curate=1 ===
pool ok: 43 idxs
launched PID=656233 | MODE=opencode env=opencodeinstruct pool=/root/sn81-miner/data/inzone_pool_opencode.json | log=/root/sn81-miner/logs/miner.log
16:45:34 | ok: ckpt=907 built@907 pool=43 fresh=43 (no chunk)
16:45:34 | ok: ckpt=907 built@907 pool=43 fresh=43 (no chunk)
16:47:35 | ok: ckpt=907 built@907 pool=43 fresh=43 (no chunk)
16:47:35 | ok: ckpt=907 built@907 pool=43 fresh=43 (no chunk)
16:49:36 | ok: ckpt=907 built@907 pool=43 fresh=43 (no chunk)
16:49:36 | ok: ckpt=907 built@907 pool=43 fresh=43 (no chunk)
16:51:37 | ok: ckpt=907 built@907 pool=43 fresh=43 (no chunk)
16:51:37 | ok: ckpt=907 built@907 pool=43 fresh=43 (no chunk)
16:53:38 | CHUNK trigger: bootstrap(pool=43<100) (built@907 now@907) -> pause+chunk
16:53:38 | CHUNK trigger: bootstrap(pool=43<100) (built@907 now@907) -> pause+chunk
16:53:45 | CHUNK build on 4cf8d5c5713b9be00ffdef8ce2f98ae5a947fa25 (+200 cand, m=32, BROAD+append; pool=43 screened=250)
16:53:45 | CHUNK build on 4cf8d5c5713b9be00ffdef8ce2f98ae5a947fa25 (+200 cand, m=32, BROAD+append; pool=43 screened=250)
17:02:28 | CHUNK done: pool=84 idxs (screened=450/50000 this ckpt)
17:02:28 | CHUNK done: pool=84 idxs (screened=450/50000 this ckpt)
17:02:28 | MINER (re)launch on broad sigma-curated pool (consensus-strict, oversample=64)
17:02:28 | MINER (re)launch on broad sigma-curated pool (consensus-strict, oversample=64)
=== MODE=opencode | env=opencodeinstruct | pool=/root/sn81-miner/data/inzone_pool_opencode.json | max_new=1280 | k=6 | curate=1 ===
pool ok: 84 idxs
pool/env changed or pool rebuilt -> clearing hot pool /root/sn81-miner/data/hot_pool.json
launched PID=661743 | MODE=opencode env=opencodeinstruct pool=/root/sn81-miner/data/inzone_pool_opencode.json | log=/root/sn81-miner/logs/miner.log
17:04:31 | ok: ckpt=907 built@907 pool=84 fresh=84 (no chunk)
17:04:31 | ok: ckpt=907 built@907 pool=84 fresh=84 (no chunk)
17:06:32 | ok: ckpt=907 built@907 pool=84 fresh=84 (no chunk)
17:06:32 | ok: ckpt=907 built@907 pool=84 fresh=84 (no chunk)
17:08:34 | ok: ckpt=907 built@907 pool=84 fresh=84 (no chunk)
17:08:34 | ok: ckpt=907 built@907 pool=84 fresh=84 (no chunk)
17:10:35 | ok: ckpt=907 built@907 pool=84 fresh=84 (no chunk)
17:10:35 | ok: ckpt=907 built@907 pool=84 fresh=84 (no chunk)
17:12:36 | CHUNK trigger: bootstrap(pool=84<100) (built@907 now@907) -> pause+chunk
17:12:36 | CHUNK trigger: bootstrap(pool=84<100) (built@907 now@907) -> pause+chunk
17:12:42 | CHUNK build on 4cf8d5c5713b9be00ffdef8ce2f98ae5a947fa25 (+200 cand, m=32, BROAD+append; pool=84 screened=450)
17:12:42 | CHUNK build on 4cf8d5c5713b9be00ffdef8ce2f98ae5a947fa25 (+200 cand, m=32, BROAD+append; pool=84 screened=450)
17:21:19 | CHUNK done: pool=120 idxs (screened=650/50000 this ckpt)
17:21:19 | CHUNK done: pool=120 idxs (screened=650/50000 this ckpt)
17:21:19 | MINER (re)launch on broad sigma-curated pool (consensus-strict, oversample=64)
17:21:19 | MINER (re)launch on broad sigma-curated pool (consensus-strict, oversample=64)
=== MODE=opencode | env=opencodeinstruct | pool=/root/sn81-miner/data/inzone_pool_opencode.json | max_new=1280 | k=6 | curate=1 ===
pool ok: 120 idxs
pool/env changed or pool rebuilt -> clearing hot pool /root/sn81-miner/data/hot_pool.json
launched PID=667995 | MODE=opencode env=opencodeinstruct pool=/root/sn81-miner/data/inzone_pool_opencode.json | log=/root/sn81-miner/logs/miner.log
17:23:22 | ok: ckpt=907 built@907 pool=120 fresh=120 (no chunk)
17:23:22 | ok: ckpt=907 built@907 pool=120 fresh=120 (no chunk)
17:25:23 | ok: ckpt=907 built@907 pool=120 fresh=120 (no chunk)
17:25:23 | ok: ckpt=907 built@907 pool=120 fresh=120 (no chunk)
17:27:24 | ok: ckpt=907 built@907 pool=120 fresh=120 (no chunk)
17:27:24 | ok: ckpt=907 built@907 pool=120 fresh=120 (no chunk)
17:29:25 | ok: ckpt=907 built@907 pool=120 fresh=120 (no chunk)
17:29:25 | ok: ckpt=907 built@907 pool=120 fresh=120 (no chunk)
17:31:26 | ok: ckpt=907 built@907 pool=120 fresh=120 (no chunk)
17:31:26 | ok: ckpt=907 built@907 pool=120 fresh=120 (no chunk)
17:33:27 | ok: ckpt=907 built@907 pool=120 fresh=120 (no chunk)
17:33:27 | ok: ckpt=907 built@907 pool=120 fresh=120 (no chunk)
17:35:28 | ok: ckpt=907 built@907 pool=120 fresh=120 (no chunk)
17:35:28 | ok: ckpt=907 built@907 pool=120 fresh=120 (no chunk)
17:37:29 | ok: ckpt=907 built@907 pool=120 fresh=120 (no chunk)
17:37:29 | ok: ckpt=907 built@907 pool=120 fresh=120 (no chunk)
17:39:31 | ok: ckpt=907 built@907 pool=120 fresh=120 (no chunk)
17:39:31 | ok: ckpt=907 built@907 pool=120 fresh=120 (no chunk)
17:41:32 | ok: ckpt=907 built@907 pool=120 fresh=120 (no chunk)
17:41:32 | ok: ckpt=907 built@907 pool=120 fresh=120 (no chunk)
17:43:33 | ok: ckpt=907 built@907 pool=120 fresh=120 (no chunk)
17:43:33 | ok: ckpt=907 built@907 pool=120 fresh=120 (no chunk)
17:45:36 | ok: ckpt=907 built@907 pool=120 fresh=120 (no chunk)
17:45:36 | ok: ckpt=907 built@907 pool=120 fresh=120 (no chunk)
17:47:37 | ok: ckpt=907 built@907 pool=120 fresh=120 (no chunk)
17:47:37 | ok: ckpt=907 built@907 pool=120 fresh=120 (no chunk)
17:49:38 | ok: ckpt=907 built@907 pool=120 fresh=120 (no chunk)
17:49:38 | ok: ckpt=907 built@907 pool=120 fresh=120 (no chunk)
17:51:39 | ok: ckpt=907 built@907 pool=120 fresh=120 (no chunk)
17:51:39 | ok: ckpt=907 built@907 pool=120 fresh=120 (no chunk)
17:53:40 | ok: ckpt=907 built@907 pool=120 fresh=120 (no chunk)
17:53:40 | ok: ckpt=907 built@907 pool=120 fresh=120 (no chunk)
17:55:30 | === auto_pool supervisor start (chunked: +200/chunk, target=40, min_fresh=32) ===
17:55:30 | === auto_pool supervisor start (chunked: +200/chunk, target=40, min_fresh=32) ===
17:55:30 | MINER (re)launch on broad sigma-curated pool (consensus-strict, oversample=64)
17:55:30 | MINER (re)launch on broad sigma-curated pool (consensus-strict, oversample=64)
=== MODE=opencode | env=opencodeinstruct | pool=/root/sn81-miner/data/inzone_pool_opencode.json | max_new=1280 | k=6 | curate=1 ===
pool ok: 120 idxs
launched PID=673802 | MODE=opencode env=opencodeinstruct pool=/root/sn81-miner/data/inzone_pool_opencode.json | log=/root/sn81-miner/logs/miner.log
17:57:33 | ok: ckpt=907 built@907 pool=120 fresh=120 (no chunk)
17:57:33 | ok: ckpt=907 built@907 pool=120 fresh=120 (no chunk)
17:59:34 | ok: ckpt=907 built@907 pool=120 fresh=120 (no chunk)
17:59:34 | ok: ckpt=907 built@907 pool=120 fresh=120 (no chunk)
18:01:35 | ok: ckpt=907 built@907 pool=120 fresh=120 (no chunk)
18:01:35 | ok: ckpt=907 built@907 pool=120 fresh=120 (no chunk)
18:03:36 | ok: ckpt=907 built@907 pool=120 fresh=120 (no chunk)
18:03:36 | ok: ckpt=907 built@907 pool=120 fresh=120 (no chunk)
18:05:38 | ok: ckpt=907 built@907 pool=120 fresh=120 (no chunk)
18:05:38 | ok: ckpt=907 built@907 pool=120 fresh=120 (no chunk)
18:07:39 | ok: ckpt=907 built@907 pool=120 fresh=120 (no chunk)
18:07:39 | ok: ckpt=907 built@907 pool=120 fresh=120 (no chunk)
18:09:40 | ok: ckpt=907 built@907 pool=120 fresh=120 (no chunk)
18:09:40 | ok: ckpt=907 built@907 pool=120 fresh=120 (no chunk)
18:11:42 | ok: ckpt=907 built@907 pool=120 fresh=120 (no chunk)
18:11:42 | ok: ckpt=907 built@907 pool=120 fresh=120 (no chunk)
18:13:43 | ok: ckpt=907 built@907 pool=120 fresh=120 (no chunk)
18:13:43 | ok: ckpt=907 built@907 pool=120 fresh=120 (no chunk)
18:15:44 | ok: ckpt=907 built@907 pool=120 fresh=120 (no chunk)
18:15:44 | ok: ckpt=907 built@907 pool=120 fresh=120 (no chunk)
18:17:45 | ok: ckpt=907 built@907 pool=120 fresh=120 (no chunk)
18:17:45 | ok: ckpt=907 built@907 pool=120 fresh=120 (no chunk)
18:19:46 | ok: ckpt=907 built@907 pool=120 fresh=120 (no chunk)
18:19:46 | ok: ckpt=907 built@907 pool=120 fresh=120 (no chunk)
18:21:48 | ok: ckpt=907 built@907 pool=120 fresh=120 (no chunk)
18:21:48 | ok: ckpt=907 built@907 pool=120 fresh=120 (no chunk)
18:23:49 | ok: ckpt=907 built@907 pool=120 fresh=120 (no chunk)
18:23:49 | ok: ckpt=907 built@907 pool=120 fresh=120 (no chunk)
18:25:50 | ok: ckpt=907 built@907 pool=120 fresh=120 (no chunk)
18:25:50 | ok: ckpt=907 built@907 pool=120 fresh=120 (no chunk)
18:27:51 | ok: ckpt=907 built@907 pool=120 fresh=120 (no chunk)
18:27:51 | ok: ckpt=907 built@907 pool=120 fresh=120 (no chunk)
18:29:52 | ok: ckpt=907 built@907 pool=120 fresh=120 (no chunk)
18:29:52 | ok: ckpt=907 built@907 pool=120 fresh=120 (no chunk)
18:31:53 | ok: ckpt=907 built@907 pool=120 fresh=120 (no chunk)
18:31:53 | ok: ckpt=907 built@907 pool=120 fresh=120 (no chunk)
18:33:55 | ok: ckpt=907 built@907 pool=120 fresh=120 (no chunk)
18:33:55 | ok: ckpt=907 built@907 pool=120 fresh=120 (no chunk)
18:35:57 | ok: ckpt=907 built@907 pool=120 fresh=120 (no chunk)
18:35:57 | ok: ckpt=907 built@907 pool=120 fresh=120 (no chunk)
18:37:58 | ok: ckpt=907 built@907 pool=120 fresh=120 (no chunk)
18:37:58 | ok: ckpt=907 built@907 pool=120 fresh=120 (no chunk)
18:39:59 | ok: ckpt=907 built@907 pool=120 fresh=120 (no chunk)
18:39:59 | ok: ckpt=907 built@907 pool=120 fresh=120 (no chunk)
18:42:00 | ok: ckpt=907 built@907 pool=120 fresh=120 (no chunk)
18:42:00 | ok: ckpt=907 built@907 pool=120 fresh=120 (no chunk)
18:44:01 | CHUNK trigger: ckpt_advance(drift=1) (built@907 now@908) -> pause+chunk
18:44:01 | CHUNK trigger: ckpt_advance(drift=1) (built@907 now@908) -> pause+chunk
18:44:08 | checkpoint advanced (907 -> 908) -> reset pool + screened (rescreen fresh)
18:44:08 | checkpoint advanced (907 -> 908) -> reset pool + screened (rescreen fresh)
18:44:08 | CHUNK build on 4cf8d5c5713b9be00ffdef8ce2f98ae5a947fa25 (+200 cand, m=32, BROAD+append; pool=0 screened=0)
18:44:08 | CHUNK build on 4cf8d5c5713b9be00ffdef8ce2f98ae5a947fa25 (+200 cand, m=32, BROAD+append; pool=0 screened=0)
18:52:18 | CHUNK done: pool=31 idxs (screened=200/50000 this ckpt)
18:52:18 | CHUNK done: pool=31 idxs (screened=200/50000 this ckpt)
18:52:18 | MINER (re)launch on broad sigma-curated pool (consensus-strict, oversample=64)
18:52:18 | MINER (re)launch on broad sigma-curated pool (consensus-strict, oversample=64)
=== MODE=opencode | env=opencodeinstruct | pool=/root/sn81-miner/data/inzone_pool_opencode.json | max_new=1280 | k=6 | curate=1 ===
pool ok: 31 idxs
pool/env changed or pool rebuilt -> clearing hot pool /root/sn81-miner/data/hot_pool.json
launched PID=685797 | MODE=opencode env=opencodeinstruct pool=/root/sn81-miner/data/inzone_pool_opencode.json | log=/root/sn81-miner/logs/miner.log
18:54:21 | ok: ckpt=908 built@908 pool=31 fresh=31 (no chunk)
18:54:21 | ok: ckpt=908 built@908 pool=31 fresh=31 (no chunk)
18:56:22 | ok: ckpt=908 built@908 pool=31 fresh=31 (no chunk)
18:56:22 | ok: ckpt=908 built@908 pool=31 fresh=31 (no chunk)
18:58:23 | ok: ckpt=908 built@908 pool=31 fresh=31 (no chunk)
18:58:23 | ok: ckpt=908 built@908 pool=31 fresh=31 (no chunk)
19:00:24 | ok: ckpt=908 built@908 pool=31 fresh=31 (no chunk)
19:00:24 | ok: ckpt=908 built@908 pool=31 fresh=31 (no chunk)
19:02:25 | CHUNK trigger: bootstrap(pool=31<40),depleted(fresh=31) (built@908 now@908) -> pause+chunk
19:02:25 | CHUNK trigger: bootstrap(pool=31<40),depleted(fresh=31) (built@908 now@908) -> pause+chunk
19:02:32 | CHUNK build on 902490e6a434d86d790f990f050cd0aba9b5d21d (+200 cand, m=32, BROAD+append; pool=31 screened=200)
19:02:32 | CHUNK build on 902490e6a434d86d790f990f050cd0aba9b5d21d (+200 cand, m=32, BROAD+append; pool=31 screened=200)
19:11:09 | CHUNK done: pool=70 idxs (screened=400/50000 this ckpt)
19:11:09 | CHUNK done: pool=70 idxs (screened=400/50000 this ckpt)
19:11:09 | MINER (re)launch on broad sigma-curated pool (consensus-strict, oversample=64)
19:11:09 | MINER (re)launch on broad sigma-curated pool (consensus-strict, oversample=64)
=== MODE=opencode | env=opencodeinstruct | pool=/root/sn81-miner/data/inzone_pool_opencode.json | max_new=1280 | k=6 | curate=1 ===
pool ok: 70 idxs
pool/env changed or pool rebuilt -> clearing hot pool /root/sn81-miner/data/hot_pool.json
launched PID=691495 | MODE=opencode env=opencodeinstruct pool=/root/sn81-miner/data/inzone_pool_opencode.json | log=/root/sn81-miner/logs/miner.log
19:13:12 | ok: ckpt=908 built@908 pool=70 fresh=70 (no chunk)
19:13:12 | ok: ckpt=908 built@908 pool=70 fresh=70 (no chunk)
19:15:13 | ok: ckpt=908 built@908 pool=70 fresh=70 (no chunk)
19:15:13 | ok: ckpt=908 built@908 pool=70 fresh=70 (no chunk)
19:17:14 | ok: ckpt=908 built@908 pool=70 fresh=70 (no chunk)
19:17:14 | ok: ckpt=908 built@908 pool=70 fresh=70 (no chunk)
19:19:15 | ok: ckpt=908 built@908 pool=70 fresh=70 (no chunk)
19:19:15 | ok: ckpt=908 built@908 pool=70 fresh=70 (no chunk)
19:21:16 | ok: ckpt=908 built@908 pool=70 fresh=70 (no chunk)
19:21:16 | ok: ckpt=908 built@908 pool=70 fresh=70 (no chunk)
19:23:18 | ok: ckpt=908 built@908 pool=70 fresh=70 (no chunk)
19:23:18 | ok: ckpt=908 built@908 pool=70 fresh=70 (no chunk)
19:25:10 | === auto_pool supervisor start (chunked: +200/chunk, target=40, min_fresh=32) ===
19:25:10 | === auto_pool supervisor start (chunked: +200/chunk, target=40, min_fresh=32) ===
19:25:10 | MINER (re)launch on broad sigma-curated pool (consensus-strict, oversample=32)
19:25:10 | MINER (re)launch on broad sigma-curated pool (consensus-strict, oversample=32)
=== MODE=opencode | env=opencodeinstruct | pool=/root/sn81-miner/data/inzone_pool_opencode.json | max_new=1280 | k=6 | curate=1 ===
pool ok: 70 idxs
launched PID=693892 | MODE=opencode env=opencodeinstruct pool=/root/sn81-miner/data/inzone_pool_opencode.json | log=/root/sn81-miner/logs/miner.log
19:27:14 | ok: ckpt=908 built@908 pool=70 fresh=70 (no chunk)
19:27:14 | ok: ckpt=908 built@908 pool=70 fresh=70 (no chunk)
19:29:15 | ok: ckpt=908 built@908 pool=70 fresh=70 (no chunk)
19:29:15 | ok: ckpt=908 built@908 pool=70 fresh=70 (no chunk)
19:31:16 | ok: ckpt=908 built@908 pool=70 fresh=70 (no chunk)
19:31:16 | ok: ckpt=908 built@908 pool=70 fresh=70 (no chunk)
19:33:17 | ok: ckpt=908 built@908 pool=70 fresh=70 (no chunk)
19:33:17 | ok: ckpt=908 built@908 pool=70 fresh=70 (no chunk)
19:35:18 | ok: ckpt=908 built@908 pool=70 fresh=70 (no chunk)
19:35:18 | ok: ckpt=908 built@908 pool=70 fresh=70 (no chunk)
19:37:19 | ok: ckpt=908 built@908 pool=70 fresh=70 (no chunk)
19:37:19 | ok: ckpt=908 built@908 pool=70 fresh=70 (no chunk)
19:39:25 | ok: ckpt=908 built@908 pool=70 fresh=70 (no chunk)
19:39:25 | ok: ckpt=908 built@908 pool=70 fresh=70 (no chunk)
19:41:26 | ok: ckpt=908 built@908 pool=70 fresh=70 (no chunk)
19:41:26 | ok: ckpt=908 built@908 pool=70 fresh=70 (no chunk)
19:43:27 | ok: ckpt=908 built@908 pool=70 fresh=70 (no chunk)
19:43:27 | ok: ckpt=908 built@908 pool=70 fresh=70 (no chunk)
19:45:28 | ok: ckpt=908 built@908 pool=70 fresh=70 (no chunk)
19:45:28 | ok: ckpt=908 built@908 pool=70 fresh=70 (no chunk)
19:47:29 | ok: ckpt=908 built@908 pool=70 fresh=70 (no chunk)
19:47:29 | ok: ckpt=908 built@908 pool=70 fresh=70 (no chunk)
19:49:30 | ok: ckpt=908 built@908 pool=70 fresh=70 (no chunk)
19:49:30 | ok: ckpt=908 built@908 pool=70 fresh=70 (no chunk)
19:51:31 | ok: ckpt=908 built@908 pool=70 fresh=70 (no chunk)
19:51:31 | ok: ckpt=908 built@908 pool=70 fresh=70 (no chunk)
19:53:32 | ok: ckpt=908 built@908 pool=70 fresh=70 (no chunk)
19:53:32 | ok: ckpt=908 built@908 pool=70 fresh=70 (no chunk)
19:55:33 | ok: ckpt=908 built@908 pool=70 fresh=70 (no chunk)
19:55:33 | ok: ckpt=908 built@908 pool=70 fresh=70 (no chunk)
19:57:35 | ok: ckpt=908 built@908 pool=70 fresh=70 (no chunk)
19:57:35 | ok: ckpt=908 built@908 pool=70 fresh=70 (no chunk)
19:59:36 | ok: ckpt=908 built@908 pool=70 fresh=70 (no chunk)
19:59:36 | ok: ckpt=908 built@908 pool=70 fresh=70 (no chunk)
20:01:37 | ok: ckpt=908 built@908 pool=70 fresh=70 (no chunk)
20:01:37 | ok: ckpt=908 built@908 pool=70 fresh=70 (no chunk)
20:03:38 | ok: ckpt=908 built@908 pool=70 fresh=70 (no chunk)
20:03:38 | ok: ckpt=908 built@908 pool=70 fresh=70 (no chunk)
20:05:39 | ok: ckpt=908 built@908 pool=70 fresh=70 (no chunk)
20:05:39 | ok: ckpt=908 built@908 pool=70 fresh=70 (no chunk)
20:07:40 | ok: ckpt=908 built@908 pool=70 fresh=70 (no chunk)
20:07:40 | ok: ckpt=908 built@908 pool=70 fresh=70 (no chunk)
20:09:41 | ok: ckpt=908 built@908 pool=70 fresh=70 (no chunk)
20:09:41 | ok: ckpt=908 built@908 pool=70 fresh=70 (no chunk)
20:11:46 | ok: ckpt=908 built@908 pool=70 fresh=70 (no chunk)
20:11:46 | ok: ckpt=908 built@908 pool=70 fresh=70 (no chunk)
20:13:47 | ok: ckpt=908 built@908 pool=70 fresh=70 (no chunk)
20:13:47 | ok: ckpt=908 built@908 pool=70 fresh=70 (no chunk)
20:15:48 | ok: ckpt=908 built@908 pool=70 fresh=70 (no chunk)
20:15:48 | ok: ckpt=908 built@908 pool=70 fresh=70 (no chunk)
20:17:49 | ok: ckpt=908 built@908 pool=70 fresh=70 (no chunk)
20:17:49 | ok: ckpt=908 built@908 pool=70 fresh=70 (no chunk)
20:19:50 | ok: ckpt=908 built@908 pool=70 fresh=70 (no chunk)
20:19:50 | ok: ckpt=908 built@908 pool=70 fresh=70 (no chunk)
20:21:51 | ok: ckpt=908 built@908 pool=70 fresh=70 (no chunk)
20:21:51 | ok: ckpt=908 built@908 pool=70 fresh=70 (no chunk)
20:23:52 | ok: ckpt=908 built@908 pool=70 fresh=70 (no chunk)
20:23:52 | ok: ckpt=908 built@908 pool=70 fresh=70 (no chunk)
20:25:53 | ok: ckpt=908 built@908 pool=70 fresh=70 (no chunk)
20:25:53 | ok: ckpt=908 built@908 pool=70 fresh=70 (no chunk)
20:27:58 | ok: ckpt=908 built@908 pool=70 fresh=70 (no chunk)
20:27:58 | ok: ckpt=908 built@908 pool=70 fresh=70 (no chunk)
20:29:58 | ok: ckpt=-1 built@908 pool=70 fresh=70 (no chunk)
20:29:58 | ok: ckpt=-1 built@908 pool=70 fresh=70 (no chunk)
20:32:00 | ok: ckpt=908 built@908 pool=70 fresh=70 (no chunk)
20:32:00 | ok: ckpt=908 built@908 pool=70 fresh=70 (no chunk)
20:34:01 | ok: ckpt=908 built@908 pool=70 fresh=70 (no chunk)
20:34:01 | ok: ckpt=908 built@908 pool=70 fresh=70 (no chunk)
20:36:02 | ok: ckpt=908 built@908 pool=70 fresh=70 (no chunk)
20:36:02 | ok: ckpt=908 built@908 pool=70 fresh=70 (no chunk)
20:38:03 | ok: ckpt=908 built@908 pool=70 fresh=70 (no chunk)
20:38:03 | ok: ckpt=908 built@908 pool=70 fresh=70 (no chunk)
20:40:04 | ok: ckpt=908 built@908 pool=70 fresh=70 (no chunk)
20:40:04 | ok: ckpt=908 built@908 pool=70 fresh=70 (no chunk)
20:42:05 | ok: ckpt=908 built@908 pool=70 fresh=70 (no chunk)
20:42:05 | ok: ckpt=908 built@908 pool=70 fresh=70 (no chunk)
20:44:06 | ok: ckpt=908 built@908 pool=70 fresh=70 (no chunk)
20:44:06 | ok: ckpt=908 built@908 pool=70 fresh=70 (no chunk)
20:46:07 | ok: ckpt=908 built@908 pool=70 fresh=70 (no chunk)
20:46:07 | ok: ckpt=908 built@908 pool=70 fresh=70 (no chunk)
20:48:08 | ok: ckpt=908 built@908 pool=70 fresh=70 (no chunk)
20:48:08 | ok: ckpt=908 built@908 pool=70 fresh=70 (no chunk)
20:50:09 | ok: ckpt=908 built@908 pool=70 fresh=70 (no chunk)
20:50:09 | ok: ckpt=908 built@908 pool=70 fresh=70 (no chunk)
20:52:10 | ok: ckpt=908 built@908 pool=70 fresh=70 (no chunk)
20:52:10 | ok: ckpt=908 built@908 pool=70 fresh=70 (no chunk)
20:54:11 | ok: ckpt=908 built@908 pool=70 fresh=70 (no chunk)
20:54:11 | ok: ckpt=908 built@908 pool=70 fresh=70 (no chunk)
20:56:12 | ok: ckpt=908 built@908 pool=70 fresh=70 (no chunk)
20:56:12 | ok: ckpt=908 built@908 pool=70 fresh=70 (no chunk)
20:58:14 | ok: ckpt=908 built@908 pool=70 fresh=70 (no chunk)
20:58:14 | ok: ckpt=908 built@908 pool=70 fresh=70 (no chunk)
21:00:15 | ok: ckpt=908 built@908 pool=70 fresh=70 (no chunk)
21:00:15 | ok: ckpt=908 built@908 pool=70 fresh=70 (no chunk)
21:02:16 | ok: ckpt=908 built@908 pool=70 fresh=70 (no chunk)
21:02:16 | ok: ckpt=908 built@908 pool=70 fresh=70 (no chunk)
21:04:17 | ok: ckpt=908 built@908 pool=70 fresh=70 (no chunk)
21:04:17 | ok: ckpt=908 built@908 pool=70 fresh=70 (no chunk)
21:06:14 | === auto_pool supervisor start (chunked: +300/chunk, target=40, min_fresh=32) ===
21:06:14 | no pool yet -> first chunk
21:06:21 | CHUNK build on 902490e6a434d86d790f990f050cd0aba9b5d21d (+300 cand, m=32, BROAD+append; pool=0 screened=0)
21:09:50 | CHUNK done: pool=3 idxs (screened=300/50000 this ckpt)
21:09:50 | MINER (re)launch on broad sigma-curated pool (consensus-strict, oversample=32)
=== MODE=opencode | env=opencodeinstruct | pool=/root/sn81-miner/data/inzone_pool_opencode.json | max_new=1280 | k=6 | curate=1 ===
pool ok: 3 idxs
pool/env changed or pool rebuilt -> clearing hot pool /root/sn81-miner/data/hot_pool.json
launched PID=722248 | MODE=opencode env=opencodeinstruct pool=/root/sn81-miner/data/inzone_pool_opencode.json | log=/root/sn81-miner/logs/miner.log
21:11:53 | ok: ckpt=908 built@908 pool=3 fresh=3 (no chunk)
21:13:54 | ok: ckpt=908 built@908 pool=3 fresh=3 (no chunk)
21:15:55 | ok: ckpt=908 built@908 pool=3 fresh=3 (no chunk)
21:17:56 | ok: ckpt=908 built@908 pool=3 fresh=3 (no chunk)
21:19:58 | CHUNK trigger: bootstrap(pool=3<40),depleted(fresh=3) (built@908 now@908) -> pause+chunk
21:20:05 | CHUNK build on 902490e6a434d86d790f990f050cd0aba9b5d21d (+300 cand, m=32, BROAD+append; pool=3 screened=300)
21:23:47 | CHUNK done: pool=4 idxs (screened=600/50000 this ckpt)
21:23:47 | MINER (re)launch on broad sigma-curated pool (consensus-strict, oversample=32)
=== MODE=opencode | env=opencodeinstruct | pool=/root/sn81-miner/data/inzone_pool_opencode.json | max_new=1280 | k=6 | curate=1 ===
pool ok: 4 idxs
pool/env changed or pool rebuilt -> clearing hot pool /root/sn81-miner/data/hot_pool.json
launched PID=725218 | MODE=opencode env=opencodeinstruct pool=/root/sn81-miner/data/inzone_pool_opencode.json | log=/root/sn81-miner/logs/miner.log
21:25:50 | ok: ckpt=908 built@908 pool=4 fresh=4 (no chunk)
21:27:51 | ok: ckpt=908 built@908 pool=4 fresh=4 (no chunk)
21:29:52 | ok: ckpt=908 built@908 pool=4 fresh=4 (no chunk)
21:31:55 | ok: ckpt=908 built@908 pool=4 fresh=4 (no chunk)
21:33:56 | CHUNK trigger: bootstrap(pool=4<40),depleted(fresh=4) (built@908 now@908) -> pause+chunk
21:34:03 | CHUNK build on 902490e6a434d86d790f990f050cd0aba9b5d21d (+300 cand, m=32, BROAD+append; pool=4 screened=600)
21:37:38 | CHUNK done: pool=5 idxs (screened=900/50000 this ckpt)
21:37:38 | MINER (re)launch on broad sigma-curated pool (consensus-strict, oversample=32)
=== MODE=opencode | env=opencodeinstruct | pool=/root/sn81-miner/data/inzone_pool_opencode.json | max_new=1280 | k=6 | curate=1 ===
pool ok: 5 idxs
pool/env changed or pool rebuilt -> clearing hot pool /root/sn81-miner/data/hot_pool.json
launched PID=728185 | MODE=opencode env=opencodeinstruct pool=/root/sn81-miner/data/inzone_pool_opencode.json | log=/root/sn81-miner/logs/miner.log
21:39:41 | ok: ckpt=908 built@908 pool=5 fresh=5 (no chunk)
21:41:44 | ok: ckpt=908 built@908 pool=5 fresh=5 (no chunk)
21:43:45 | ok: ckpt=908 built@908 pool=5 fresh=5 (no chunk)
21:45:46 | ok: ckpt=909 built@908 pool=5 fresh=5 (no chunk)
21:47:47 | CHUNK trigger: ckpt_advance(drift=1),bootstrap(pool=5<40),depleted(fresh=5) (built@908 now@909) -> pause+chunk
21:47:54 | checkpoint revision advanced (902490e6a434d86d790f990f050cd0aba9b5d21d -> c44643e8fde56c689995f3e6f4dd4f75a5966976) -> reset pool + screened (rescreen fresh)
21:47:54 | CHUNK build on c44643e8fde56c689995f3e6f4dd4f75a5966976 (+300 cand, m=32, BROAD+append; pool=0 screened=0)
21:52:45 | CHUNK done: pool=3 idxs (screened=300/50000 this ckpt)
21:52:45 | MINER (re)launch on broad sigma-curated pool (consensus-strict, oversample=32)
=== MODE=opencode | env=opencodeinstruct | pool=/root/sn81-miner/data/inzone_pool_opencode.json | max_new=1280 | k=6 | curate=1 ===
pool ok: 3 idxs
pool/env changed or pool rebuilt -> clearing hot pool /root/sn81-miner/data/hot_pool.json
launched PID=729649 | MODE=opencode env=opencodeinstruct pool=/root/sn81-miner/data/inzone_pool_opencode.json | log=/root/sn81-miner/logs/miner.log
21:54:48 | ok: ckpt=909 built@909 pool=3 fresh=3 (no chunk)
21:56:49 | ok: ckpt=909 built@909 pool=3 fresh=3 (no chunk)
21:58:50 | ok: ckpt=909 built@909 pool=3 fresh=3 (no chunk)
22:00:51 | ok: ckpt=909 built@909 pool=3 fresh=3 (no chunk)
