loading prompt mirror...
Warning: You are sending unauthenticated requests to the HF Hub. Please set a HF_TOKEN to enable higher rate limits and faster downloads.
mirror rows targeted: 50000
resuming: 12000 already cached
need 38000 more ids
  +500 (idx 12499) scanned=82786 left=37500 48/s
  +1000 (idx 12999) scanned=86153 left=37000 84/s
  +1500 (idx 13499) scanned=88673 left=36500 112/s
  +2000 (idx 13999) scanned=91058 left=36000 133/s
  +2500 (idx 14499) scanned=93746 left=35500 151/s
  +3000 (idx 14999) scanned=96653 left=35000 166/s
  +3500 (idx 15499) scanned=99788 left=34500 178/s
  +4000 (idx 15999) scanned=103052 left=34000 178/s
  +4500 (idx 16499) scanned=105921 left=33500 186/s
  +5000 (idx 16999) scanned=108813 left=33000 193/s
  +5500 (idx 17499) scanned=111482 left=32500 199/s
  +6000 (idx 17999) scanned=114029 left=32000 204/s
  +6500 (idx 18499) scanned=116832 left=31500 209/s
  +7000 (idx 18999) scanned=119492 left=31000 212/s
  +7500 (idx 19499) scanned=122247 left=30500 215/s
  +8000 (idx 19999) scanned=125538 left=30000 217/s
  +8500 (idx 20499) scanned=129009 left=29500 219/s
  +9000 (idx 20999) scanned=132725 left=29000 220/s
  +9500 (idx 21499) scanned=136340 left=28500 221/s
  +10000 (idx 21999) scanned=140019 left=28000 222/s
  +10500 (idx 22499) scanned=143312 left=27500 223/s
  +11000 (idx 22999) scanned=147076 left=27000 223/s
  +11500 (idx 23499) scanned=152275 left=26500 223/s
  +12000 (idx 23999) scanned=155749 left=26000 223/s
  +12500 (idx 24499) scanned=158543 left=25500 223/s
  +13000 (idx 24999) scanned=161172 left=25000 223/s
  +13500 (idx 25499) scanned=164524 left=24500 223/s
  +14000 (idx 25999) scanned=167545 left=24000 222/s
  +14500 (idx 26499) scanned=170434 left=23500 222/s
  +15000 (idx 26999) scanned=173202 left=23000 221/s
  +15500 (idx 27499) scanned=176730 left=22500 220/s
  +16000 (idx 27999) scanned=179910 left=22000 219/s
  +16500 (idx 28499) scanned=182812 left=21500 218/s
  +17000 (idx 28999) scanned=185240 left=21000 218/s
  +17500 (idx 29499) scanned=187409 left=20500 217/s
  +18000 (idx 29999) scanned=189951 left=20000 216/s
  +18500 (idx 30499) scanned=192202 left=19500 216/s
  +19000 (idx 30999) scanned=194536 left=19000 214/s
  +19500 (idx 31499) scanned=197054 left=18500 213/s
  +20000 (idx 31999) scanned=199372 left=18000 211/s
  +20500 (idx 32499) scanned=202031 left=17500 204/s
  +21000 (idx 32999) scanned=204555 left=17000 203/s
  +21500 (idx 33499) scanned=208245 left=16500 202/s
  +22000 (idx 33999) scanned=211294 left=16000 202/s
  +22500 (idx 34499) scanned=214304 left=15500 200/s
  +23000 (idx 34999) scanned=217089 left=15000 199/s
  +23500 (idx 35499) scanned=220519 left=14500 198/s
  +24000 (idx 35999) scanned=223855 left=14000 196/s
  +24500 (idx 36499) scanned=226793 left=13500 194/s
  +25000 (idx 36999) scanned=229651 left=13000 193/s
  +25500 (idx 37499) scanned=232684 left=12500 192/s
  +26000 (idx 37999) scanned=235882 left=12000 190/s
  +26500 (idx 38499) scanned=238713 left=11500 189/s
  +27000 (idx 38999) scanned=241565 left=11000 188/s
  +27500 (idx 39499) scanned=244454 left=10500 187/s
  +28000 (idx 39999) scanned=247674 left=10000 186/s
  +28500 (idx 40499) scanned=250530 left=9500 185/s
  +29000 (idx 40999) scanned=253657 left=9000 184/s
  +29500 (idx 41499) scanned=256361 left=8500 183/s
  +30000 (idx 41999) scanned=259694 left=8000 181/s
  +30500 (idx 42499) scanned=262789 left=7500 180/s
  +31000 (idx 42999) scanned=265890 left=7000 179/s
  +31500 (idx 43499) scanned=268742 left=6500 179/s
  +32000 (idx 43999) scanned=272039 left=6000 178/s
  +32500 (idx 44499) scanned=275246 left=5500 177/s
  +33000 (idx 44999) scanned=278186 left=5000 176/s
  +33500 (idx 45499) scanned=280888 left=4500 175/s
  +34000 (idx 45999) scanned=283621 left=4000 174/s
  +34500 (idx 46499) scanned=286926 left=3500 173/s
  +35000 (idx 46999) scanned=289451 left=3000 172/s
  +35500 (idx 47499) scanned=291712 left=2500 171/s
  +36000 (idx 47999) scanned=294286 left=2000 170/s
  +36500 (idx 48499) scanned=296653 left=1500 169/s
  +37000 (idx 48999) scanned=299015 left=1000 168/s
  +37500 (idx 49499) scanned=301358 left=500 166/s
  +38000 (idx 49999) scanned=303756 left=0 166/s
DONE: cached 50000 prompts (50000 with >=1 case), scanned 303756 nvidia rows -> /root/sn81-miner/data/oci_cases_v2.json
