loading prompt mirror...
Warning: You are sending unauthenticated requests to the HF Hub. Please set a HF_TOKEN to enable higher rate limits and faster downloads.
mirror rows targeted: 50000
need 50000 more ids
  +500 (idx 499) scanned=2393 left=49500 243/s
  +1000 (idx 999) scanned=4981 left=49000 392/s
  +1500 (idx 1499) scanned=7481 left=48500 487/s
  +2000 (idx 1999) scanned=9949 left=48000 540/s
  +2500 (idx 2499) scanned=12307 left=47500 585/s
  +3000 (idx 2999) scanned=14752 left=47000 612/s
  +3500 (idx 3499) scanned=17279 left=46500 629/s
  +4000 (idx 3999) scanned=19835 left=46000 639/s
  +4500 (idx 4499) scanned=22266 left=45500 638/s
  +5000 (idx 4999) scanned=24713 left=45000 641/s
  +5500 (idx 5499) scanned=28322 left=44500 633/s
  +6000 (idx 5999) scanned=32024 left=44000 624/s
  +6500 (idx 6499) scanned=38804 left=43500 598/s
  +7000 (idx 6999) scanned=42212 left=43000 591/s
  +7500 (idx 7499) scanned=49237 left=42500 566/s
  +8000 (idx 7999) scanned=53260 left=42000 557/s
  +8500 (idx 8499) scanned=55602 left=41500 554/s
  +9000 (idx 8999) scanned=58125 left=41000 548/s
  +9500 (idx 9499) scanned=60977 left=40500 542/s
<unknown>:2: SyntaxWarning: invalid escape sequence '\$'
  +10000 (idx 9999) scanned=64738 left=40000 533/s
  +10500 (idx 10499) scanned=68349 left=39500 524/s
  +11000 (idx 10999) scanned=72083 left=39000 512/s
  +11500 (idx 11499) scanned=75680 left=38500 504/s
  +12000 (idx 11999) scanned=79303 left=38000 492/s
  +12500 (idx 12499) scanned=82786 left=37500 483/s
  +13000 (idx 12999) scanned=86153 left=37000 476/s
  +13500 (idx 13499) scanned=88673 left=36500 470/s
  +14000 (idx 13999) scanned=91058 left=36000 464/s
  +14500 (idx 14499) scanned=93746 left=35500 458/s
  +15000 (idx 14999) scanned=96653 left=35000 453/s
  +15500 (idx 15499) scanned=99788 left=34500 447/s
  +16000 (idx 15999) scanned=103052 left=34000 430/s
  +16500 (idx 16499) scanned=105921 left=33500 425/s
  +17000 (idx 16999) scanned=108813 left=33000 420/s
  +17500 (idx 17499) scanned=111482 left=32500 416/s
  +18000 (idx 17999) scanned=114029 left=32000 412/s
  +18500 (idx 18499) scanned=116832 left=31500 407/s
  +19000 (idx 18999) scanned=119492 left=31000 402/s
  +19500 (idx 19499) scanned=122247 left=30500 398/s
  +20000 (idx 19999) scanned=125538 left=30000 393/s
  +20500 (idx 20499) scanned=129009 left=29500 388/s
  +21000 (idx 20999) scanned=132725 left=29000 383/s
  +21500 (idx 21499) scanned=136340 left=28500 378/s
  +22000 (idx 21999) scanned=140019 left=28000 372/s
  +22500 (idx 22499) scanned=143312 left=27500 368/s
  +23000 (idx 22999) scanned=147076 left=27000 364/s
  +23500 (idx 23499) scanned=152275 left=26500 359/s
  +24000 (idx 23999) scanned=155749 left=26000 355/s
  +24500 (idx 24499) scanned=158543 left=25500 352/s
  +25000 (idx 24999) scanned=161172 left=25000 349/s
  +25500 (idx 25499) scanned=164524 left=24500 345/s
  +26000 (idx 25999) scanned=167545 left=24000 342/s
  +26500 (idx 26499) scanned=170434 left=23500 338/s
  +27000 (idx 26999) scanned=173202 left=23000 335/s
  +27500 (idx 27499) scanned=176730 left=22500 331/s
  +28000 (idx 27999) scanned=179910 left=22000 328/s
  +28500 (idx 28499) scanned=182812 left=21500 325/s
  +29000 (idx 28999) scanned=185240 left=21000 322/s
  +29500 (idx 29499) scanned=187409 left=20500 318/s
  +30000 (idx 29999) scanned=189951 left=20000 314/s
  +30500 (idx 30499) scanned=192202 left=19500 311/s
  +31000 (idx 30999) scanned=194536 left=19000 309/s
  +31500 (idx 31499) scanned=197054 left=18500 306/s
  +32000 (idx 31999) scanned=199372 left=18000 303/s
  +32500 (idx 32499) scanned=202031 left=17500 293/s
  +33000 (idx 32999) scanned=204555 left=17000 291/s
  +33500 (idx 33499) scanned=208245 left=16500 288/s
  +34000 (idx 33999) scanned=211294 left=16000 286/s
  +34500 (idx 34499) scanned=214304 left=15500 283/s
  +35000 (idx 34999) scanned=217089 left=15000 280/s
  +35500 (idx 35499) scanned=220519 left=14500 278/s
  +36000 (idx 35999) scanned=223855 left=14000 276/s
  +36500 (idx 36499) scanned=226793 left=13500 274/s
  +37000 (idx 36999) scanned=229651 left=13000 272/s
  +37500 (idx 37499) scanned=232684 left=12500 269/s
  +38000 (idx 37999) scanned=235882 left=12000 267/s
  +38500 (idx 38499) scanned=238713 left=11500 265/s
  +39000 (idx 38999) scanned=241565 left=11000 263/s
  +39500 (idx 39499) scanned=244454 left=10500 261/s
  +40000 (idx 39999) scanned=247674 left=10000 259/s
  +40500 (idx 40499) scanned=250530 left=9500 256/s
  +41000 (idx 40999) scanned=253657 left=9000 255/s
  +41500 (idx 41499) scanned=256361 left=8500 253/s
  +42000 (idx 41999) scanned=259694 left=8000 251/s
  +42500 (idx 42499) scanned=262789 left=7500 249/s
  +43000 (idx 42999) scanned=265890 left=7000 247/s
  +43500 (idx 43499) scanned=268742 left=6500 245/s
  +44000 (idx 43999) scanned=272039 left=6000 244/s
  +44500 (idx 44499) scanned=275246 left=5500 242/s
  +45000 (idx 44999) scanned=278186 left=5000 240/s
  +45500 (idx 45499) scanned=280888 left=4500 238/s
  +46000 (idx 45999) scanned=283621 left=4000 237/s
  +46500 (idx 46499) scanned=286926 left=3500 235/s
  +47000 (idx 46999) scanned=289451 left=3000 233/s
  +47500 (idx 47499) scanned=291712 left=2500 232/s
  +48000 (idx 47999) scanned=294286 left=2000 230/s
  +48500 (idx 48499) scanned=296653 left=1500 229/s
  +49000 (idx 48999) scanned=299015 left=1000 227/s
  +49500 (idx 49499) scanned=301358 left=500 225/s
  +50000 (idx 49999) scanned=303756 left=0 223/s
DONE: cached 50000 prompts (50000 with >=1 case), scanned 303756 nvidia rows -> /root/sn81-miner/data/oci_cases_v2.json
